{"meta": {"format": 3, "version": "7.14.1", "timestamp": "2026-06-15T01:30:40.921557", "branch_coverage": true, "show_contexts": false}, "files": {"src/karsa/attribution/__init__.py": {"executed_lines": [1, 5, 13, 17, 25, 31], "summary": {"covered_lines": 6, "num_statements": 6, "percent_covered": 100.0, "percent_covered_display": "100", "missing_lines": 0, "excluded_lines": 0, "percent_statements_covered": 100.0, "percent_statements_covered_display": "100", "num_branches": 0, "num_partial_branches": 0, "covered_branches": 0, "missing_branches": 0, "percent_branches_covered": 100.0, "percent_branches_covered_display": "100"}, "missing_lines": [], "excluded_lines": [], "executed_branches": [], "missing_branches": [], "functions": {"": {"executed_lines": [1, 5, 13, 17, 25, 31], "summary": {"covered_lines": 6, "num_statements": 6, "percent_covered": 100.0, "percent_covered_display": "100", "missing_lines": 0, "excluded_lines": 0, "percent_statements_covered": 100.0, "percent_statements_covered_display": "100", "num_branches": 0, "num_partial_branches": 0, "covered_branches": 0, "missing_branches": 0, "percent_branches_covered": 100.0, "percent_branches_covered_display": "100"}, "missing_lines": [], "excluded_lines": [], "start_line": 1, "executed_branches": [], "missing_branches": []}}, "classes": {"": {"executed_lines": [1, 5, 13, 17, 25, 31], "summary": {"covered_lines": 6, "num_statements": 6, "percent_covered": 100.0, "percent_covered_display": "100", "missing_lines": 0, "excluded_lines": 0, "percent_statements_covered": 100.0, "percent_statements_covered_display": "100", "num_branches": 0, "num_partial_branches": 0, "covered_branches": 0, "missing_branches": 0, "percent_branches_covered": 100.0, "percent_branches_covered_display": "100"}, "missing_lines": [], "excluded_lines": [], "start_line": 1, "executed_branches": [], "missing_branches": []}}}, "src/karsa/attribution/application/__init__.py": {"executed_lines": [1], "summary": {"covered_lines": 1, "num_statements": 1, "percent_covered": 100.0, "percent_covered_display": "100", "missing_lines": 0, "excluded_lines": 0, "percent_statements_covered": 100.0, "percent_statements_covered_display": "100", "num_branches": 0, "num_partial_branches": 0, "covered_branches": 0, "missing_branches": 0, "percent_branches_covered": 100.0, "percent_branches_covered_display": "100"}, "missing_lines": [], "excluded_lines": [], "executed_branches": [], "missing_branches": [], "functions": {"": {"executed_lines": [1], "summary": {"covered_lines": 1, "num_statements": 1, "percent_covered": 100.0, "percent_covered_display": "100", "missing_lines": 0, "excluded_lines": 0, "percent_statements_covered": 100.0, "percent_statements_covered_display": "100", "num_branches": 0, "num_partial_branches": 0, "covered_branches": 0, "missing_branches": 0, "percent_branches_covered": 100.0, "percent_branches_covered_display": "100"}, "missing_lines": [], "excluded_lines": [], "start_line": 1, "executed_branches": [], "missing_branches": []}}, "classes": {"": {"executed_lines": [1], "summary": {"covered_lines": 1, "num_statements": 1, "percent_covered": 100.0, "percent_covered_display": "100", "missing_lines": 0, "excluded_lines": 0, "percent_statements_covered": 100.0, "percent_statements_covered_display": "100", "num_branches": 0, "num_partial_branches": 0, "covered_branches": 0, "missing_branches": 0, "percent_branches_covered": 100.0, "percent_branches_covered_display": "100"}, "missing_lines": [], "excluded_lines": [], "start_line": 1, "executed_branches": [], "missing_branches": []}}}, "src/karsa/attribution/application/commands.py": {"executed_lines": [], "summary": {"covered_lines": 0, "num_statements": 0, "percent_covered": 100.0, "percent_covered_display": "100", "missing_lines": 0, "excluded_lines": 0, "percent_statements_covered": 100.0, "percent_statements_covered_display": "100", "num_branches": 0, "num_partial_branches": 0, "covered_branches": 0, "missing_branches": 0, "percent_branches_covered": 100.0, "percent_branches_covered_display": "100"}, "missing_lines": [], "excluded_lines": [], "executed_branches": [], "missing_branches": [], "functions": {"": {"executed_lines": [], "summary": {"covered_lines": 0, "num_statements": 0, "percent_covered": 100.0, "percent_covered_display": "100", "missing_lines": 0, "excluded_lines": 0, "percent_statements_covered": 100.0, "percent_statements_covered_display": "100", "num_branches": 0, "num_partial_branches": 0, "covered_branches": 0, "missing_branches": 0, "percent_branches_covered": 100.0, "percent_branches_covered_display": "100"}, "missing_lines": [], "excluded_lines": [], "start_line": 1, "executed_branches": [], "missing_branches": []}}, "classes": {"": {"executed_lines": [], "summary": {"covered_lines": 0, "num_statements": 0, "percent_covered": 100.0, "percent_covered_display": "100", "missing_lines": 0, "excluded_lines": 0, "percent_statements_covered": 100.0, "percent_statements_covered_display": "100", "num_branches": 0, "num_partial_branches": 0, "covered_branches": 0, "missing_branches": 0, "percent_branches_covered": 100.0, "percent_branches_covered_display": "100"}, "missing_lines": [], "excluded_lines": [], "start_line": 1, "executed_branches": [], "missing_branches": []}}}, "src/karsa/attribution/application/service.py": {"executed_lines": [1, 2, 3, 4, 6, 7, 8, 15, 23, 24, 30, 31, 32, 34, 35, 36, 37, 38, 39, 40, 41, 43, 50, 57, 58, 60, 61, 62, 63, 65, 66, 69, 70, 73, 74, 77, 78, 81, 82, 85, 86, 87, 88, 89, 91, 108, 109, 111, 112, 113, 115, 116, 117, 118, 120, 121, 124, 125, 127, 135, 136, 139, 140, 147, 148, 149, 150, 152, 153, 154, 155, 156, 157, 158, 159, 161, 168, 170, 171, 173, 174, 175, 177, 180, 181, 184, 185, 186, 188, 189, 192, 194, 195, 196, 199, 200, 202, 203, 204, 205, 207, 208, 209, 210, 211, 212, 214, 231, 232, 235, 236, 238, 240, 249, 251, 252, 253, 254, 257, 264, 265, 268, 269, 275, 276, 277, 279, 280, 281, 282, 285, 287, 294, 295, 298, 299, 304, 305, 307, 308, 309, 310, 313, 314, 315, 318, 319, 322, 323, 324, 325, 326, 327, 329, 331, 332, 333, 336, 337, 338, 339, 340, 341, 343, 344, 345, 346, 348], "summary": {"covered_lines": 168, "num_statements": 168, "percent_covered": 99.55357142857143, "percent_covered_display": "99", "missing_lines": 0, "excluded_lines": 0, "percent_statements_covered": 100.0, "percent_statements_covered_display": "100", "num_branches": 56, "num_partial_branches": 1, "covered_branches": 55, "missing_branches": 1, "percent_branches_covered": 98.21428571428571, "percent_branches_covered_display": "98"}, "missing_lines": [], "excluded_lines": [], "executed_branches": [[35, 36], [35, 37], [37, 38], [37, 39], [39, 40], [39, 41], [62, 63], [62, 65], [81, 82], [81, 111], [117, 118], [117, 120], [153, 154], [153, 155], [155, 156], [155, 157], [157, 158], [157, 159], [168, 170], [168, 171], [174, 175], [174, 177], [180, 181], [180, 184], [188, 189], [188, 192], [207, 208], [207, 251], [235, 207], [235, 236], [236, 235], [236, 238], [281, 282], [281, 285], [309, 310], [309, 313], [314, 315], [314, 318], [322, 323], [322, 324], [324, 325], [324, 326], [326, 327], [326, 329], [332, 333], [332, 336], [337, 338], [337, 348], [338, 339], [340, 341], [340, 343], [343, 344], [343, 345], [345, 337], [345, 346]], "missing_branches": [[338, 337]], "functions": {"AttributionCalculationService.__init__": {"executed_lines": [30, 31, 32], "summary": {"covered_lines": 3, "num_statements": 3, "percent_covered": 100.0, "percent_covered_display": "100", "missing_lines": 0, "excluded_lines": 0, "percent_statements_covered": 100.0, "percent_statements_covered_display": "100", "num_branches": 0, "num_partial_branches": 0, "covered_branches": 0, "missing_branches": 0, "percent_branches_covered": 100.0, "percent_branches_covered_display": "100"}, "missing_lines": [], "excluded_lines": [], "start_line": 24, "executed_branches": [], "missing_branches": []}, "AttributionCalculationService._get_strategy": {"executed_lines": [35, 36, 37, 38, 39, 40, 41], "summary": {"covered_lines": 7, "num_statements": 7, "percent_covered": 100.0, "percent_covered_display": "100", "missing_lines": 0, "excluded_lines": 0, "percent_statements_covered": 100.0, "percent_statements_covered_display": "100", "num_branches": 6, "num_partial_branches": 0, "covered_branches": 6, "missing_branches": 0, "percent_branches_covered": 100.0, "percent_branches_covered_display": "100"}, "missing_lines": [], "excluded_lines": [], "start_line": 34, "executed_branches": [[35, 36], [35, 37], [37, 38], [37, 39], [39, 40], [39, 41]], "missing_branches": []}, "AttributionCalculationService.stage_session": {"executed_lines": [50, 57, 58], "summary": {"covered_lines": 3, "num_statements": 3, "percent_covered": 100.0, "percent_covered_display": "100", "missing_lines": 0, "excluded_lines": 0, "percent_statements_covered": 100.0, "percent_statements_covered_display": "100", "num_branches": 0, "num_partial_branches": 0, "covered_branches": 0, "missing_branches": 0, "percent_branches_covered": 100.0, "percent_branches_covered_display": "100"}, "missing_lines": [], "excluded_lines": [], "start_line": 43, "executed_branches": [], "missing_branches": []}, "AttributionCalculationService.calculate_attribution": {"executed_lines": [61, 62, 63, 65, 66, 69, 70, 73, 74, 77, 78, 81, 82, 85, 86, 87, 88, 89, 91, 108, 109, 111, 112, 113], "summary": {"covered_lines": 24, "num_statements": 24, "percent_covered": 100.0, "percent_covered_display": "100", "missing_lines": 0, "excluded_lines": 0, "percent_statements_covered": 100.0, "percent_statements_covered_display": "100", "num_branches": 4, "num_partial_branches": 0, "covered_branches": 4, "missing_branches": 0, "percent_branches_covered": 100.0, "percent_branches_covered_display": "100"}, "missing_lines": [], "excluded_lines": [], "start_line": 60, "executed_branches": [[62, 63], [62, 65], [81, 82], [81, 111]], "missing_branches": []}, "AttributionCalculationService.seal_session": {"executed_lines": [116, 117, 118, 120, 121, 124, 125, 127, 135, 136], "summary": {"covered_lines": 10, "num_statements": 10, "percent_covered": 100.0, "percent_covered_display": "100", "missing_lines": 0, "excluded_lines": 0, "percent_statements_covered": 100.0, "percent_statements_covered_display": "100", "num_branches": 2, "num_partial_branches": 0, "covered_branches": 2, "missing_branches": 0, "percent_branches_covered": 100.0, "percent_branches_covered_display": "100"}, "missing_lines": [], "excluded_lines": [], "start_line": 115, "executed_branches": [[117, 118], [117, 120]], "missing_branches": []}, "AttributionRecomputationService.__init__": {"executed_lines": [147, 148, 149, 150], "summary": {"covered_lines": 4, "num_statements": 4, "percent_covered": 100.0, "percent_covered_display": "100", "missing_lines": 0, "excluded_lines": 0, "percent_statements_covered": 100.0, "percent_statements_covered_display": "100", "num_branches": 0, "num_partial_branches": 0, "covered_branches": 0, "missing_branches": 0, "percent_branches_covered": 100.0, "percent_branches_covered_display": "100"}, "missing_lines": [], "excluded_lines": [], "start_line": 140, "executed_branches": [], "missing_branches": []}, "AttributionRecomputationService._get_strategy": {"executed_lines": [153, 154, 155, 156, 157, 158, 159], "summary": {"covered_lines": 7, "num_statements": 7, "percent_covered": 100.0, "percent_covered_display": "100", "missing_lines": 0, "excluded_lines": 0, "percent_statements_covered": 100.0, "percent_statements_covered_display": "100", "num_branches": 6, "num_partial_branches": 0, "covered_branches": 6, "missing_branches": 0, "percent_branches_covered": 100.0, "percent_branches_covered_display": "100"}, "missing_lines": [], "excluded_lines": [], "start_line": 152, "executed_branches": [[153, 154], [153, 155], [155, 156], [155, 157], [157, 158], [157, 159]], "missing_branches": []}, "AttributionRecomputationService.recompute_horizon": {"executed_lines": [168, 170, 171, 173, 174, 175, 177, 180, 181, 184, 185, 186, 188, 189, 192, 194, 195, 196, 199, 200, 202, 203, 204, 205, 207, 208, 209, 210, 211, 212, 214, 231, 232, 235, 236, 238, 240, 249, 251, 252, 253, 254, 257, 264, 265], "summary": {"covered_lines": 45, "num_statements": 45, "percent_covered": 100.0, "percent_covered_display": "100", "missing_lines": 0, "excluded_lines": 0, "percent_statements_covered": 100.0, "percent_statements_covered_display": "100", "num_branches": 14, "num_partial_branches": 0, "covered_branches": 14, "missing_branches": 0, "percent_branches_covered": 100.0, "percent_branches_covered_display": "100"}, "missing_lines": [], "excluded_lines": [], "start_line": 161, "executed_branches": [[168, 170], [168, 171], [174, 175], [174, 177], [180, 181], [180, 184], [188, 189], [188, 192], [207, 208], [207, 251], [235, 207], [235, 236], [236, 235], [236, 238]], "missing_branches": []}, "AttributionInvalidationService.__init__": {"executed_lines": [275, 276, 277], "summary": {"covered_lines": 3, "num_statements": 3, "percent_covered": 100.0, "percent_covered_display": "100", "missing_lines": 0, "excluded_lines": 0, "percent_statements_covered": 100.0, "percent_statements_covered_display": "100", "num_branches": 0, "num_partial_branches": 0, "covered_branches": 0, "missing_branches": 0, "percent_branches_covered": 100.0, "percent_branches_covered_display": "100"}, "missing_lines": [], "excluded_lines": [], "start_line": 269, "executed_branches": [], "missing_branches": []}, "AttributionInvalidationService.invalidate_session": {"executed_lines": [280, 281, 282, 285, 287, 294, 295], "summary": {"covered_lines": 7, "num_statements": 7, "percent_covered": 100.0, "percent_covered_display": "100", "missing_lines": 0, "excluded_lines": 0, "percent_statements_covered": 100.0, "percent_statements_covered_display": "100", "num_branches": 2, "num_partial_branches": 0, "covered_branches": 2, "missing_branches": 0, "percent_branches_covered": 100.0, "percent_branches_covered_display": "100"}, "missing_lines": [], "excluded_lines": [], "start_line": 279, "executed_branches": [[281, 282], [281, 285]], "missing_branches": []}, "AttributionReplayService.__init__": {"executed_lines": [304, 305], "summary": {"covered_lines": 2, "num_statements": 2, "percent_covered": 100.0, "percent_covered_display": "100", "missing_lines": 0, "excluded_lines": 0, "percent_statements_covered": 100.0, "percent_statements_covered_display": "100", "num_branches": 0, "num_partial_branches": 0, "covered_branches": 0, "missing_branches": 0, "percent_branches_covered": 100.0, "percent_branches_covered_display": "100"}, "missing_lines": [], "excluded_lines": [], "start_line": 299, "executed_branches": [], "missing_branches": []}, "AttributionReplayService.replay_session": {"executed_lines": [308, 309, 310, 313, 314, 315, 318, 319, 322, 323, 324, 325, 326, 327, 329, 331, 332, 333, 336, 337, 338, 339, 340, 341, 343, 344, 345, 346, 348], "summary": {"covered_lines": 29, "num_statements": 29, "percent_covered": 98.03921568627452, "percent_covered_display": "98", "missing_lines": 0, "excluded_lines": 0, "percent_statements_covered": 100.0, "percent_statements_covered_display": "100", "num_branches": 22, "num_partial_branches": 1, "covered_branches": 21, "missing_branches": 1, "percent_branches_covered": 95.45454545454545, "percent_branches_covered_display": "95"}, "missing_lines": [], "excluded_lines": [], "start_line": 307, "executed_branches": [[309, 310], [309, 313], [314, 315], [314, 318], [322, 323], [322, 324], [324, 325], [324, 326], [326, 327], [326, 329], [332, 333], [332, 336], [337, 338], [337, 348], [338, 339], [340, 341], [340, 343], [343, 344], [343, 345], [345, 337], [345, 346]], "missing_branches": [[338, 337]]}, "": {"executed_lines": [1, 2, 3, 4, 6, 7, 8, 15, 23, 24, 34, 43, 60, 115, 139, 140, 152, 161, 268, 269, 279, 298, 299, 307], "summary": {"covered_lines": 24, "num_statements": 24, "percent_covered": 100.0, "percent_covered_display": "100", "missing_lines": 0, "excluded_lines": 0, "percent_statements_covered": 100.0, "percent_statements_covered_display": "100", "num_branches": 0, "num_partial_branches": 0, "covered_branches": 0, "missing_branches": 0, "percent_branches_covered": 100.0, "percent_branches_covered_display": "100"}, "missing_lines": [], "excluded_lines": [], "start_line": 1, "executed_branches": [], "missing_branches": []}}, "classes": {"AttributionCalculationService": {"executed_lines": [30, 31, 32, 35, 36, 37, 38, 39, 40, 41, 50, 57, 58, 61, 62, 63, 65, 66, 69, 70, 73, 74, 77, 78, 81, 82, 85, 86, 87, 88, 89, 91, 108, 109, 111, 112, 113, 116, 117, 118, 120, 121, 124, 125, 127, 135, 136], "summary": {"covered_lines": 47, "num_statements": 47, "percent_covered": 100.0, "percent_covered_display": "100", "missing_lines": 0, "excluded_lines": 0, "percent_statements_covered": 100.0, "percent_statements_covered_display": "100", "num_branches": 12, "num_partial_branches": 0, "covered_branches": 12, "missing_branches": 0, "percent_branches_covered": 100.0, "percent_branches_covered_display": "100"}, "missing_lines": [], "excluded_lines": [], "start_line": 23, "executed_branches": [[35, 36], [35, 37], [37, 38], [37, 39], [39, 40], [39, 41], [62, 63], [62, 65], [81, 82], [81, 111], [117, 118], [117, 120]], "missing_branches": []}, "AttributionRecomputationService": {"executed_lines": [147, 148, 149, 150, 153, 154, 155, 156, 157, 158, 159, 168, 170, 171, 173, 174, 175, 177, 180, 181, 184, 185, 186, 188, 189, 192, 194, 195, 196, 199, 200, 202, 203, 204, 205, 207, 208, 209, 210, 211, 212, 214, 231, 232, 235, 236, 238, 240, 249, 251, 252, 253, 254, 257, 264, 265], "summary": {"covered_lines": 56, "num_statements": 56, "percent_covered": 100.0, "percent_covered_display": "100", "missing_lines": 0, "excluded_lines": 0, "percent_statements_covered": 100.0, "percent_statements_covered_display": "100", "num_branches": 20, "num_partial_branches": 0, "covered_branches": 20, "missing_branches": 0, "percent_branches_covered": 100.0, "percent_branches_covered_display": "100"}, "missing_lines": [], "excluded_lines": [], "start_line": 139, "executed_branches": [[153, 154], [153, 155], [155, 156], [155, 157], [157, 158], [157, 159], [168, 170], [168, 171], [174, 175], [174, 177], [180, 181], [180, 184], [188, 189], [188, 192], [207, 208], [207, 251], [235, 207], [235, 236], [236, 235], [236, 238]], "missing_branches": []}, "AttributionInvalidationService": {"executed_lines": [275, 276, 277, 280, 281, 282, 285, 287, 294, 295], "summary": {"covered_lines": 10, "num_statements": 10, "percent_covered": 100.0, "percent_covered_display": "100", "missing_lines": 0, "excluded_lines": 0, "percent_statements_covered": 100.0, "percent_statements_covered_display": "100", "num_branches": 2, "num_partial_branches": 0, "covered_branches": 2, "missing_branches": 0, "percent_branches_covered": 100.0, "percent_branches_covered_display": "100"}, "missing_lines": [], "excluded_lines": [], "start_line": 268, "executed_branches": [[281, 282], [281, 285]], "missing_branches": []}, "AttributionReplayService": {"executed_lines": [304, 305, 308, 309, 310, 313, 314, 315, 318, 319, 322, 323, 324, 325, 326, 327, 329, 331, 332, 333, 336, 337, 338, 339, 340, 341, 343, 344, 345, 346, 348], "summary": {"covered_lines": 31, "num_statements": 31, "percent_covered": 98.11320754716981, "percent_covered_display": "98", "missing_lines": 0, "excluded_lines": 0, "percent_statements_covered": 100.0, "percent_statements_covered_display": "100", "num_branches": 22, "num_partial_branches": 1, "covered_branches": 21, "missing_branches": 1, "percent_branches_covered": 95.45454545454545, "percent_branches_covered_display": "95"}, "missing_lines": [], "excluded_lines": [], "start_line": 298, "executed_branches": [[309, 310], [309, 313], [314, 315], [314, 318], [322, 323], [322, 324], [324, 325], [324, 326], [326, 327], [326, 329], [332, 333], [332, 336], [337, 338], [337, 348], [338, 339], [340, 341], [340, 343], [343, 344], [343, 345], [345, 337], [345, 346]], "missing_branches": [[338, 337]]}, "": {"executed_lines": [1, 2, 3, 4, 6, 7, 8, 15, 23, 24, 34, 43, 60, 115, 139, 140, 152, 161, 268, 269, 279, 298, 299, 307], "summary": {"covered_lines": 24, "num_statements": 24, "percent_covered": 100.0, "percent_covered_display": "100", "missing_lines": 0, "excluded_lines": 0, "percent_statements_covered": 100.0, "percent_statements_covered_display": "100", "num_branches": 0, "num_partial_branches": 0, "covered_branches": 0, "missing_branches": 0, "percent_branches_covered": 100.0, "percent_branches_covered_display": "100"}, "missing_lines": [], "excluded_lines": [], "start_line": 1, "executed_branches": [], "missing_branches": []}}}, "src/karsa/attribution/domain/model/__init__.py": {"executed_lines": [1, 5, 9], "summary": {"covered_lines": 3, "num_statements": 3, "percent_covered": 100.0, "percent_covered_display": "100", "missing_lines": 0, "excluded_lines": 0, "percent_statements_covered": 100.0, "percent_statements_covered_display": "100", "num_branches": 0, "num_partial_branches": 0, "covered_branches": 0, "missing_branches": 0, "percent_branches_covered": 100.0, "percent_branches_covered_display": "100"}, "missing_lines": [], "excluded_lines": [], "executed_branches": [], "missing_branches": [], "functions": {"": {"executed_lines": [1, 5, 9], "summary": {"covered_lines": 3, "num_statements": 3, "percent_covered": 100.0, "percent_covered_display": "100", "missing_lines": 0, "excluded_lines": 0, "percent_statements_covered": 100.0, "percent_statements_covered_display": "100", "num_branches": 0, "num_partial_branches": 0, "covered_branches": 0, "missing_branches": 0, "percent_branches_covered": 100.0, "percent_branches_covered_display": "100"}, "missing_lines": [], "excluded_lines": [], "start_line": 1, "executed_branches": [], "missing_branches": []}}, "classes": {"": {"executed_lines": [1, 5, 9], "summary": {"covered_lines": 3, "num_statements": 3, "percent_covered": 100.0, "percent_covered_display": "100", "missing_lines": 0, "excluded_lines": 0, "percent_statements_covered": 100.0, "percent_statements_covered_display": "100", "num_branches": 0, "num_partial_branches": 0, "covered_branches": 0, "missing_branches": 0, "percent_branches_covered": 100.0, "percent_branches_covered_display": "100"}, "missing_lines": [], "excluded_lines": [], "start_line": 1, "executed_branches": [], "missing_branches": []}}}, "src/karsa/attribution/domain/model/lineage.py": {"executed_lines": [1, 2, 3, 5, 6, 8, 9, 10, 13, 18, 19, 20, 22, 23, 24, 25, 26, 27, 28, 30, 31, 33, 34, 36, 37, 38, 39, 40, 41, 42, 43, 44, 46, 48], "summary": {"covered_lines": 34, "num_statements": 34, "percent_covered": 100.0, "percent_covered_display": "100", "missing_lines": 0, "excluded_lines": 0, "percent_statements_covered": 100.0, "percent_statements_covered_display": "100", "num_branches": 12, "num_partial_branches": 0, "covered_branches": 12, "missing_branches": 0, "percent_branches_covered": 100.0, "percent_branches_covered_display": "100"}, "missing_lines": [], "excluded_lines": [], "executed_branches": [[22, 23], [22, 30], [25, 26], [25, 27], [27, 22], [27, 28], [30, 31], [30, 33], [37, 38], [37, 41], [41, 42], [41, 46]], "missing_branches": [], "functions": {"reconstruct_lineage_chain": {"executed_lines": [18, 19, 20, 22, 23, 24, 25, 26, 27, 28, 30, 31, 33, 34, 36, 37, 38, 39, 40, 41, 42, 43, 44, 46, 48], "summary": {"covered_lines": 25, "num_statements": 25, "percent_covered": 100.0, "percent_covered_display": "100", "missing_lines": 0, "excluded_lines": 0, "percent_statements_covered": 100.0, "percent_statements_covered_display": "100", "num_branches": 12, "num_partial_branches": 0, "covered_branches": 12, "missing_branches": 0, "percent_branches_covered": 100.0, "percent_branches_covered_display": "100"}, "missing_lines": [], "excluded_lines": [], "start_line": 13, "executed_branches": [[22, 23], [22, 30], [25, 26], [25, 27], [27, 22], [27, 28], [30, 31], [30, 33], [37, 38], [37, 41], [41, 42], [41, 46]], "missing_branches": []}, "": {"executed_lines": [1, 2, 3, 5, 6, 8, 9, 10, 13], "summary": {"covered_lines": 9, "num_statements": 9, "percent_covered": 100.0, "percent_covered_display": "100", "missing_lines": 0, "excluded_lines": 0, "percent_statements_covered": 100.0, "percent_statements_covered_display": "100", "num_branches": 0, "num_partial_branches": 0, "covered_branches": 0, "missing_branches": 0, "percent_branches_covered": 100.0, "percent_branches_covered_display": "100"}, "missing_lines": [], "excluded_lines": [], "start_line": 1, "executed_branches": [], "missing_branches": []}}, "classes": {"RecomputationLineage": {"executed_lines": [], "summary": {"covered_lines": 0, "num_statements": 0, "percent_covered": 100.0, "percent_covered_display": "100", "missing_lines": 0, "excluded_lines": 0, "percent_statements_covered": 100.0, "percent_statements_covered_display": "100", "num_branches": 0, "num_partial_branches": 0, "covered_branches": 0, "missing_branches": 0, "percent_branches_covered": 100.0, "percent_branches_covered_display": "100"}, "missing_lines": [], "excluded_lines": [], "start_line": 6, "executed_branches": [], "missing_branches": []}, "": {"executed_lines": [1, 2, 3, 5, 6, 8, 9, 10, 13, 18, 19, 20, 22, 23, 24, 25, 26, 27, 28, 30, 31, 33, 34, 36, 37, 38, 39, 40, 41, 42, 43, 44, 46, 48], "summary": {"covered_lines": 34, "num_statements": 34, "percent_covered": 100.0, "percent_covered_display": "100", "missing_lines": 0, "excluded_lines": 0, "percent_statements_covered": 100.0, "percent_statements_covered_display": "100", "num_branches": 12, "num_partial_branches": 0, "covered_branches": 12, "missing_branches": 0, "percent_branches_covered": 100.0, "percent_branches_covered_display": "100"}, "missing_lines": [], "excluded_lines": [], "start_line": 1, "executed_branches": [[22, 23], [22, 30], [25, 26], [25, 27], [27, 22], [27, 28], [30, 31], [30, 33], [37, 38], [37, 41], [41, 42], [41, 46]], "missing_branches": []}}}, "src/karsa/attribution/domain/model/models.py": {"executed_lines": [1, 2, 3, 4, 5, 7, 8, 10, 20, 21, 22, 23, 24, 25, 26, 27, 29, 30, 31, 32, 33, 34, 35, 36, 37, 38, 39, 40, 41, 43, 44, 45, 48, 49, 50, 51, 53, 54, 55, 56, 57, 59, 60, 62, 63, 73, 74, 75, 76, 77, 88, 89, 111, 112, 113, 114, 115, 116, 117, 118, 119, 120, 121, 122, 123, 124, 125, 126, 127, 128, 129, 130, 131, 133, 134, 135, 136, 137, 138, 139, 140, 141, 142, 143, 144, 145, 146, 147, 148, 149, 150, 151, 153, 155, 156, 158, 159, 160, 161, 163, 164, 165, 166, 167, 168, 169, 170, 171, 172, 174, 175, 176, 179, 180, 202, 203, 204, 205], "summary": {"covered_lines": 118, "num_statements": 119, "percent_covered": 98.83040935672514, "percent_covered_display": "99", "missing_lines": 1, "excluded_lines": 0, "percent_statements_covered": 99.15966386554622, "percent_statements_covered_display": "99", "num_branches": 52, "num_partial_branches": 1, "covered_branches": 51, "missing_branches": 1, "percent_branches_covered": 98.07692307692308, "percent_branches_covered_display": "98"}, "missing_lines": [177], "excluded_lines": [], "executed_branches": [[30, 31], [30, 32], [32, 33], [32, 34], [34, 35], [34, 36], [36, 37], [36, 38], [38, 39], [38, 40], [40, -29], [40, 41], [44, 45], [44, 48], [49, 50], [49, 51], [51, 53], [51, 54], [54, 55], [54, 56], [56, 57], [56, 59], [134, 135], [134, 136], [136, 137], [136, 138], [138, 139], [138, 140], [140, 141], [140, 142], [142, 143], [142, 144], [144, 145], [144, 146], [146, 147], [146, 148], [148, 149], [148, 150], [150, -133], [150, 151], [155, 156], [155, 172], [156, 158], [156, 164], [158, 159], [158, 163], [164, 165], [164, 168], [168, 169], [168, 171], [175, 176]], "missing_branches": [[175, 177]], "functions": {"AttributionSession.__init__": {"executed_lines": [20, 21, 22, 23, 24, 25, 26, 27], "summary": {"covered_lines": 8, "num_statements": 8, "percent_covered": 100.0, "percent_covered_display": "100", "missing_lines": 0, "excluded_lines": 0, "percent_statements_covered": 100.0, "percent_statements_covered_display": "100", "num_branches": 0, "num_partial_branches": 0, "covered_branches": 0, "missing_branches": 0, "percent_branches_covered": 100.0, "percent_branches_covered_display": "100"}, "missing_lines": [], "excluded_lines": [], "start_line": 10, "executed_branches": [], "missing_branches": []}, "AttributionSession.validate": {"executed_lines": [30, 31, 32, 33, 34, 35, 36, 37, 38, 39, 40, 41], "summary": {"covered_lines": 12, "num_statements": 12, "percent_covered": 100.0, "percent_covered_display": "100", "missing_lines": 0, "excluded_lines": 0, "percent_statements_covered": 100.0, "percent_statements_covered_display": "100", "num_branches": 12, "num_partial_branches": 0, "covered_branches": 12, "missing_branches": 0, "percent_branches_covered": 100.0, "percent_branches_covered_display": "100"}, "missing_lines": [], "excluded_lines": [], "start_line": 29, "executed_branches": [[30, 31], [30, 32], [32, 33], [32, 34], [34, 35], [34, 36], [36, 37], [36, 38], [38, 39], [38, 40], [40, -29], [40, 41]], "missing_branches": []}, "AttributionSession.transition_to": {"executed_lines": [44, 45, 48, 49, 50, 51, 53, 54, 55, 56, 57, 59, 60], "summary": {"covered_lines": 13, "num_statements": 13, "percent_covered": 100.0, "percent_covered_display": "100", "missing_lines": 0, "excluded_lines": 0, "percent_statements_covered": 100.0, "percent_statements_covered_display": "100", "num_branches": 10, "num_partial_branches": 0, "covered_branches": 10, "missing_branches": 0, "percent_branches_covered": 100.0, "percent_branches_covered_display": "100"}, "missing_lines": [], "excluded_lines": [], "start_line": 43, "executed_branches": [[44, 45], [44, 48], [49, 50], [49, 51], [51, 53], [51, 54], [54, 55], [54, 56], [56, 57], [56, 59]], "missing_branches": []}, "AttributionSession.to_dict": {"executed_lines": [63], "summary": {"covered_lines": 1, "num_statements": 1, "percent_covered": 100.0, "percent_covered_display": "100", "missing_lines": 0, "excluded_lines": 0, "percent_statements_covered": 100.0, "percent_statements_covered_display": "100", "num_branches": 0, "num_partial_branches": 0, "covered_branches": 0, "missing_branches": 0, "percent_branches_covered": 100.0, "percent_branches_covered_display": "100"}, "missing_lines": [], "excluded_lines": [], "start_line": 62, "executed_branches": [], "missing_branches": []}, "AttributionSession.from_dict": {"executed_lines": [75, 76, 77], "summary": {"covered_lines": 3, "num_statements": 3, "percent_covered": 100.0, "percent_covered_display": "100", "missing_lines": 0, "excluded_lines": 0, "percent_statements_covered": 100.0, "percent_statements_covered_display": "100", "num_branches": 0, "num_partial_branches": 0, "covered_branches": 0, "missing_branches": 0, "percent_branches_covered": 100.0, "percent_branches_covered_display": "100"}, "missing_lines": [], "excluded_lines": [], "start_line": 74, "executed_branches": [], "missing_branches": []}, "PerformanceAttributionRecord.__init__": {"executed_lines": [111, 112, 113, 114, 115, 116, 117, 118, 119, 120, 121, 122, 123, 124, 125, 126, 127, 128, 129, 130, 131], "summary": {"covered_lines": 21, "num_statements": 21, "percent_covered": 100.0, "percent_covered_display": "100", "missing_lines": 0, "excluded_lines": 0, "percent_statements_covered": 100.0, "percent_statements_covered_display": "100", "num_branches": 0, "num_partial_branches": 0, "covered_branches": 0, "missing_branches": 0, "percent_branches_covered": 100.0, "percent_branches_covered_display": "100"}, "missing_lines": [], "excluded_lines": [], "start_line": 89, "executed_branches": [], "missing_branches": []}, "PerformanceAttributionRecord.validate": {"executed_lines": [134, 135, 136, 137, 138, 139, 140, 141, 142, 143, 144, 145, 146, 147, 148, 149, 150, 151], "summary": {"covered_lines": 18, "num_statements": 18, "percent_covered": 100.0, "percent_covered_display": "100", "missing_lines": 0, "excluded_lines": 0, "percent_statements_covered": 100.0, "percent_statements_covered_display": "100", "num_branches": 18, "num_partial_branches": 0, "covered_branches": 18, "missing_branches": 0, "percent_branches_covered": 100.0, "percent_branches_covered_display": "100"}, "missing_lines": [], "excluded_lines": [], "start_line": 133, "executed_branches": [[134, 135], [134, 136], [136, 137], [136, 138], [138, 139], [138, 140], [140, 141], [140, 142], [142, 143], [142, 144], [144, 145], [144, 146], [146, 147], [146, 148], [148, 149], [148, 150], [150, -133], [150, 151]], "missing_branches": []}, "PerformanceAttributionRecord.__setattr__": {"executed_lines": [155, 156, 158, 159, 160, 161, 163, 164, 165, 166, 167, 168, 169, 170, 171, 172], "summary": {"covered_lines": 16, "num_statements": 16, "percent_covered": 100.0, "percent_covered_display": "100", "missing_lines": 0, "excluded_lines": 0, "percent_statements_covered": 100.0, "percent_statements_covered_display": "100", "num_branches": 10, "num_partial_branches": 0, "covered_branches": 10, "missing_branches": 0, "percent_branches_covered": 100.0, "percent_branches_covered_display": "100"}, "missing_lines": [], "excluded_lines": [], "start_line": 153, "executed_branches": [[155, 156], [155, 172], [156, 158], [156, 164], [158, 159], [158, 163], [164, 165], [164, 168], [168, 169], [168, 171]], "missing_branches": []}, "PerformanceAttributionRecord.__delattr__": {"executed_lines": [175, 176], "summary": {"covered_lines": 2, "num_statements": 3, "percent_covered": 60.0, "percent_covered_display": "60", "missing_lines": 1, "excluded_lines": 0, "percent_statements_covered": 66.66666666666667, "percent_statements_covered_display": "67", "num_branches": 2, "num_partial_branches": 1, "covered_branches": 1, "missing_branches": 1, "percent_branches_covered": 50.0, "percent_branches_covered_display": "50"}, "missing_lines": [177], "excluded_lines": [], "start_line": 174, "executed_branches": [[175, 176]], "missing_branches": [[175, 177]]}, "PerformanceAttributionRecord.to_dict": {"executed_lines": [180], "summary": {"covered_lines": 1, "num_statements": 1, "percent_covered": 100.0, "percent_covered_display": "100", "missing_lines": 0, "excluded_lines": 0, "percent_statements_covered": 100.0, "percent_statements_covered_display": "100", "num_branches": 0, "num_partial_branches": 0, "covered_branches": 0, "missing_branches": 0, "percent_branches_covered": 100.0, "percent_branches_covered_display": "100"}, "missing_lines": [], "excluded_lines": [], "start_line": 179, "executed_branches": [], "missing_branches": []}, "PerformanceAttributionRecord.from_dict": {"executed_lines": [204, 205], "summary": {"covered_lines": 2, "num_statements": 2, "percent_covered": 100.0, "percent_covered_display": "100", "missing_lines": 0, "excluded_lines": 0, "percent_statements_covered": 100.0, "percent_statements_covered_display": "100", "num_branches": 0, "num_partial_branches": 0, "covered_branches": 0, "missing_branches": 0, "percent_branches_covered": 100.0, "percent_branches_covered_display": "100"}, "missing_lines": [], "excluded_lines": [], "start_line": 203, "executed_branches": [], "missing_branches": []}, "": {"executed_lines": [1, 2, 3, 4, 5, 7, 8, 10, 29, 43, 62, 73, 74, 88, 89, 133, 153, 174, 179, 202, 203], "summary": {"covered_lines": 21, "num_statements": 21, "percent_covered": 100.0, "percent_covered_display": "100", "missing_lines": 0, "excluded_lines": 0, "percent_statements_covered": 100.0, "percent_statements_covered_display": "100", "num_branches": 0, "num_partial_branches": 0, "covered_branches": 0, "missing_branches": 0, "percent_branches_covered": 100.0, "percent_branches_covered_display": "100"}, "missing_lines": [], "excluded_lines": [], "start_line": 1, "executed_branches": [], "missing_branches": []}}, "classes": {"AttributionSession": {"executed_lines": [20, 21, 22, 23, 24, 25, 26, 27, 30, 31, 32, 33, 34, 35, 36, 37, 38, 39, 40, 41, 44, 45, 48, 49, 50, 51, 53, 54, 55, 56, 57, 59, 60, 63, 75, 76, 77], "summary": {"covered_lines": 37, "num_statements": 37, "percent_covered": 100.0, "percent_covered_display": "100", "missing_lines": 0, "excluded_lines": 0, "percent_statements_covered": 100.0, "percent_statements_covered_display": "100", "num_branches": 22, "num_partial_branches": 0, "covered_branches": 22, "missing_branches": 0, "percent_branches_covered": 100.0, "percent_branches_covered_display": "100"}, "missing_lines": [], "excluded_lines": [], "start_line": 7, "executed_branches": [[30, 31], [30, 32], [32, 33], [32, 34], [34, 35], [34, 36], [36, 37], [36, 38], [38, 39], [38, 40], [40, -29], [40, 41], [44, 45], [44, 48], [49, 50], [49, 51], [51, 53], [51, 54], [54, 55], [54, 56], [56, 57], [56, 59]], "missing_branches": []}, "PerformanceAttributionRecord": {"executed_lines": [111, 112, 113, 114, 115, 116, 117, 118, 119, 120, 121, 122, 123, 124, 125, 126, 127, 128, 129, 130, 131, 134, 135, 136, 137, 138, 139, 140, 141, 142, 143, 144, 145, 146, 147, 148, 149, 150, 151, 155, 156, 158, 159, 160, 161, 163, 164, 165, 166, 167, 168, 169, 170, 171, 172, 175, 176, 180, 204, 205], "summary": {"covered_lines": 60, "num_statements": 61, "percent_covered": 97.8021978021978, "percent_covered_display": "98", "missing_lines": 1, "excluded_lines": 0, "percent_statements_covered": 98.36065573770492, "percent_statements_covered_display": "98", "num_branches": 30, "num_partial_branches": 1, "covered_branches": 29, "missing_branches": 1, "percent_branches_covered": 96.66666666666667, "percent_branches_covered_display": "97"}, "missing_lines": [177], "excluded_lines": [], "start_line": 88, "executed_branches": [[134, 135], [134, 136], [136, 137], [136, 138], [138, 139], [138, 140], [140, 141], [140, 142], [142, 143], [142, 144], [144, 145], [144, 146], [146, 147], [146, 148], [148, 149], [148, 150], [150, -133], [150, 151], [155, 156], [155, 172], [156, 158], [156, 164], [158, 159], [158, 163], [164, 165], [164, 168], [168, 169], [168, 171], [175, 176]], "missing_branches": [[175, 177]]}, "": {"executed_lines": [1, 2, 3, 4, 5, 7, 8, 10, 29, 43, 62, 73, 74, 88, 89, 133, 153, 174, 179, 202, 203], "summary": {"covered_lines": 21, "num_statements": 21, "percent_covered": 100.0, "percent_covered_display": "100", "missing_lines": 0, "excluded_lines": 0, "percent_statements_covered": 100.0, "percent_statements_covered_display": "100", "num_branches": 0, "num_partial_branches": 0, "covered_branches": 0, "missing_branches": 0, "percent_branches_covered": 100.0, "percent_branches_covered_display": "100"}, "missing_lines": [], "excluded_lines": [], "start_line": 1, "executed_branches": [], "missing_branches": []}}}, "src/karsa/attribution/domain/model/repositories.py": {"executed_lines": [1, 2, 3, 5, 6, 7, 8, 10, 11, 12, 14, 15, 16, 18, 19, 20, 23, 24, 25, 26, 28, 29, 30, 32, 33, 34, 36, 37, 38, 40, 41, 42, 44, 45, 46, 48, 49, 50, 52, 53, 54], "summary": {"covered_lines": 41, "num_statements": 41, "percent_covered": 100.0, "percent_covered_display": "100", "missing_lines": 0, "excluded_lines": 0, "percent_statements_covered": 100.0, "percent_statements_covered_display": "100", "num_branches": 0, "num_partial_branches": 0, "covered_branches": 0, "missing_branches": 0, "percent_branches_covered": 100.0, "percent_branches_covered_display": "100"}, "missing_lines": [], "excluded_lines": [], "executed_branches": [], "missing_branches": [], "functions": {"AttributionSessionRepository.save": {"executed_lines": [8], "summary": {"covered_lines": 1, "num_statements": 1, "percent_covered": 100.0, "percent_covered_display": "100", "missing_lines": 0, "excluded_lines": 0, "percent_statements_covered": 100.0, "percent_statements_covered_display": "100", "num_branches": 0, "num_partial_branches": 0, "covered_branches": 0, "missing_branches": 0, "percent_branches_covered": 100.0, "percent_branches_covered_display": "100"}, "missing_lines": [], "excluded_lines": [], "start_line": 7, "executed_branches": [], "missing_branches": []}, "AttributionSessionRepository.get_by_id": {"executed_lines": [12], "summary": {"covered_lines": 1, "num_statements": 1, "percent_covered": 100.0, "percent_covered_display": "100", "missing_lines": 0, "excluded_lines": 0, "percent_statements_covered": 100.0, "percent_statements_covered_display": "100", "num_branches": 0, "num_partial_branches": 0, "covered_branches": 0, "missing_branches": 0, "percent_branches_covered": 100.0, "percent_branches_covered_display": "100"}, "missing_lines": [], "excluded_lines": [], "start_line": 11, "executed_branches": [], "missing_branches": []}, "AttributionSessionRepository.list_all": {"executed_lines": [16], "summary": {"covered_lines": 1, "num_statements": 1, "percent_covered": 100.0, "percent_covered_display": "100", "missing_lines": 0, "excluded_lines": 0, "percent_statements_covered": 100.0, "percent_statements_covered_display": "100", "num_branches": 0, "num_partial_branches": 0, "covered_branches": 0, "missing_branches": 0, "percent_branches_covered": 100.0, "percent_branches_covered_display": "100"}, "missing_lines": [], "excluded_lines": [], "start_line": 15, "executed_branches": [], "missing_branches": []}, "AttributionSessionRepository.clear": {"executed_lines": [20], "summary": {"covered_lines": 1, "num_statements": 1, "percent_covered": 100.0, "percent_covered_display": "100", "missing_lines": 0, "excluded_lines": 0, "percent_statements_covered": 100.0, "percent_statements_covered_display": "100", "num_branches": 0, "num_partial_branches": 0, "covered_branches": 0, "missing_branches": 0, "percent_branches_covered": 100.0, "percent_branches_covered_display": "100"}, "missing_lines": [], "excluded_lines": [], "start_line": 19, "executed_branches": [], "missing_branches": []}, "PerformanceAttributionRepository.save": {"executed_lines": [26], "summary": {"covered_lines": 1, "num_statements": 1, "percent_covered": 100.0, "percent_covered_display": "100", "missing_lines": 0, "excluded_lines": 0, "percent_statements_covered": 100.0, "percent_statements_covered_display": "100", "num_branches": 0, "num_partial_branches": 0, "covered_branches": 0, "missing_branches": 0, "percent_branches_covered": 100.0, "percent_branches_covered_display": "100"}, "missing_lines": [], "excluded_lines": [], "start_line": 25, "executed_branches": [], "missing_branches": []}, "PerformanceAttributionRepository.find_by_id": {"executed_lines": [30], "summary": {"covered_lines": 1, "num_statements": 1, "percent_covered": 100.0, "percent_covered_display": "100", "missing_lines": 0, "excluded_lines": 0, "percent_statements_covered": 100.0, "percent_statements_covered_display": "100", "num_branches": 0, "num_partial_branches": 0, "covered_branches": 0, "missing_branches": 0, "percent_branches_covered": 100.0, "percent_branches_covered_display": "100"}, "missing_lines": [], "excluded_lines": [], "start_line": 29, "executed_branches": [], "missing_branches": []}, "PerformanceAttributionRepository.find_active_by_decision": {"executed_lines": [34], "summary": {"covered_lines": 1, "num_statements": 1, "percent_covered": 100.0, "percent_covered_display": "100", "missing_lines": 0, "excluded_lines": 0, "percent_statements_covered": 100.0, "percent_statements_covered_display": "100", "num_branches": 0, "num_partial_branches": 0, "covered_branches": 0, "missing_branches": 0, "percent_branches_covered": 100.0, "percent_branches_covered_display": "100"}, "missing_lines": [], "excluded_lines": [], "start_line": 33, "executed_branches": [], "missing_branches": []}, "PerformanceAttributionRepository.find_by_session": {"executed_lines": [38], "summary": {"covered_lines": 1, "num_statements": 1, "percent_covered": 100.0, "percent_covered_display": "100", "missing_lines": 0, "excluded_lines": 0, "percent_statements_covered": 100.0, "percent_statements_covered_display": "100", "num_branches": 0, "num_partial_branches": 0, "covered_branches": 0, "missing_branches": 0, "percent_branches_covered": 100.0, "percent_branches_covered_display": "100"}, "missing_lines": [], "excluded_lines": [], "start_line": 37, "executed_branches": [], "missing_branches": []}, "PerformanceAttributionRepository.list_all": {"executed_lines": [42], "summary": {"covered_lines": 1, "num_statements": 1, "percent_covered": 100.0, "percent_covered_display": "100", "missing_lines": 0, "excluded_lines": 0, "percent_statements_covered": 100.0, "percent_statements_covered_display": "100", "num_branches": 0, "num_partial_branches": 0, "covered_branches": 0, "missing_branches": 0, "percent_branches_covered": 100.0, "percent_branches_covered_display": "100"}, "missing_lines": [], "excluded_lines": [], "start_line": 41, "executed_branches": [], "missing_branches": []}, "PerformanceAttributionRepository.deactivate_old_versions": {"executed_lines": [46], "summary": {"covered_lines": 1, "num_statements": 1, "percent_covered": 100.0, "percent_covered_display": "100", "missing_lines": 0, "excluded_lines": 0, "percent_statements_covered": 100.0, "percent_statements_covered_display": "100", "num_branches": 0, "num_partial_branches": 0, "covered_branches": 0, "missing_branches": 0, "percent_branches_covered": 100.0, "percent_branches_covered_display": "100"}, "missing_lines": [], "excluded_lines": [], "start_line": 45, "executed_branches": [], "missing_branches": []}, "PerformanceAttributionRepository.deactivate_by_session": {"executed_lines": [50], "summary": {"covered_lines": 1, "num_statements": 1, "percent_covered": 100.0, "percent_covered_display": "100", "missing_lines": 0, "excluded_lines": 0, "percent_statements_covered": 100.0, "percent_statements_covered_display": "100", "num_branches": 0, "num_partial_branches": 0, "covered_branches": 0, "missing_branches": 0, "percent_branches_covered": 100.0, "percent_branches_covered_display": "100"}, "missing_lines": [], "excluded_lines": [], "start_line": 49, "executed_branches": [], "missing_branches": []}, "PerformanceAttributionRepository.clear": {"executed_lines": [54], "summary": {"covered_lines": 1, "num_statements": 1, "percent_covered": 100.0, "percent_covered_display": "100", "missing_lines": 0, "excluded_lines": 0, "percent_statements_covered": 100.0, "percent_statements_covered_display": "100", "num_branches": 0, "num_partial_branches": 0, "covered_branches": 0, "missing_branches": 0, "percent_branches_covered": 100.0, "percent_branches_covered_display": "100"}, "missing_lines": [], "excluded_lines": [], "start_line": 53, "executed_branches": [], "missing_branches": []}, "": {"executed_lines": [1, 2, 3, 5, 6, 7, 10, 11, 14, 15, 18, 19, 23, 24, 25, 28, 29, 32, 33, 36, 37, 40, 41, 44, 45, 48, 49, 52, 53], "summary": {"covered_lines": 29, "num_statements": 29, "percent_covered": 100.0, "percent_covered_display": "100", "missing_lines": 0, "excluded_lines": 0, "percent_statements_covered": 100.0, "percent_statements_covered_display": "100", "num_branches": 0, "num_partial_branches": 0, "covered_branches": 0, "missing_branches": 0, "percent_branches_covered": 100.0, "percent_branches_covered_display": "100"}, "missing_lines": [], "excluded_lines": [], "start_line": 1, "executed_branches": [], "missing_branches": []}}, "classes": {"AttributionSessionRepository": {"executed_lines": [8, 12, 16, 20], "summary": {"covered_lines": 4, "num_statements": 4, "percent_covered": 100.0, "percent_covered_display": "100", "missing_lines": 0, "excluded_lines": 0, "percent_statements_covered": 100.0, "percent_statements_covered_display": "100", "num_branches": 0, "num_partial_branches": 0, "covered_branches": 0, "missing_branches": 0, "percent_branches_covered": 100.0, "percent_branches_covered_display": "100"}, "missing_lines": [], "excluded_lines": [], "start_line": 5, "executed_branches": [], "missing_branches": []}, "PerformanceAttributionRepository": {"executed_lines": [26, 30, 34, 38, 42, 46, 50, 54], "summary": {"covered_lines": 8, "num_statements": 8, "percent_covered": 100.0, "percent_covered_display": "100", "missing_lines": 0, "excluded_lines": 0, "percent_statements_covered": 100.0, "percent_statements_covered_display": "100", "num_branches": 0, "num_partial_branches": 0, "covered_branches": 0, "missing_branches": 0, "percent_branches_covered": 100.0, "percent_branches_covered_display": "100"}, "missing_lines": [], "excluded_lines": [], "start_line": 23, "executed_branches": [], "missing_branches": []}, "": {"executed_lines": [1, 2, 3, 5, 6, 7, 10, 11, 14, 15, 18, 19, 23, 24, 25, 28, 29, 32, 33, 36, 37, 40, 41, 44, 45, 48, 49, 52, 53], "summary": {"covered_lines": 29, "num_statements": 29, "percent_covered": 100.0, "percent_covered_display": "100", "missing_lines": 0, "excluded_lines": 0, "percent_statements_covered": 100.0, "percent_statements_covered_display": "100", "num_branches": 0, "num_partial_branches": 0, "covered_branches": 0, "missing_branches": 0, "percent_branches_covered": 100.0, "percent_branches_covered_display": "100"}, "missing_lines": [], "excluded_lines": [], "start_line": 1, "executed_branches": [], "missing_branches": []}}}, "src/karsa/attribution/domain/model/value_objects.py": {"executed_lines": [1, 2, 3, 4, 5, 6, 7, 9, 11, 12, 13, 25, 26, 31, 32, 40, 42, 43, 44, 45, 47, 48, 49, 51, 52, 54, 55, 58, 59, 61, 65, 66, 67, 70, 71, 72, 73, 75, 77, 84, 85, 86, 87, 88, 89, 91, 92, 95, 96, 101, 102, 110, 111, 112, 115, 116, 117, 118, 119, 121, 122, 125, 126, 127, 128, 130, 132, 140, 141, 142, 143, 144, 145, 146, 148, 150, 151, 152, 153, 154, 156, 159, 160, 165, 166, 174, 175, 176, 178, 179, 180, 181, 182, 184, 185, 187, 188, 189, 191, 193, 201, 202, 203, 204, 205, 207, 210, 211, 212, 213, 215, 217, 218, 219, 221, 222, 223, 224, 226, 227, 228, 229, 231, 232, 234, 236, 237, 238, 239, 240, 241, 242, 244, 246, 247, 248, 249, 251, 252, 253, 254, 255, 258, 259, 260, 261, 262, 263, 264, 265, 267, 268, 269, 270, 271, 273, 274], "summary": {"covered_lines": 157, "num_statements": 158, "percent_covered": 99.09909909909909, "percent_covered_display": "99", "missing_lines": 1, "excluded_lines": 0, "percent_statements_covered": 99.36708860759494, "percent_statements_covered_display": "99", "num_branches": 64, "num_partial_branches": 1, "covered_branches": 63, "missing_branches": 1, "percent_branches_covered": 98.4375, "percent_branches_covered_display": "98"}, "missing_lines": [22], "excluded_lines": [], "executed_branches": [[31, 32], [31, 40], [47, 48], [47, 61], [66, 67], [66, 70], [71, 72], [71, 77], [72, 73], [72, 75], [84, 85], [84, 91], [87, 84], [87, 88], [101, 102], [101, 110], [117, 118], [117, 121], [125, 126], [125, 127], [127, 128], [127, 130], [140, 141], [140, 156], [143, 144], [143, 145], [145, 146], [145, 148], [152, 140], [152, 153], [165, 166], [165, 174], [180, 181], [180, 184], [188, 189], [188, 191], [201, 202], [201, 207], [203, 201], [203, 204], [213, 215], [213, 219], [219, 221], [219, 222], [222, 223], [222, 224], [224, 226], [224, 232], [227, 228], [227, 231], [228, 227], [228, 229], [232, 234], [232, 244], [237, 238], [238, 239], [238, 241], [239, 238], [239, 240], [268, 269], [268, 270], [270, -267], [270, 271]], "missing_branches": [[237, 241]], "functions": {"CompoundingStrategy.compound_returns": {"executed_lines": [], "summary": {"covered_lines": 0, "num_statements": 1, "percent_covered": 0.0, "percent_covered_display": "0", "missing_lines": 1, "excluded_lines": 0, "percent_statements_covered": 0.0, "percent_statements_covered_display": "0", "num_branches": 0, "num_partial_branches": 0, "covered_branches": 0, "missing_branches": 0, "percent_branches_covered": 100.0, "percent_branches_covered_display": "100"}, "missing_lines": [22], "excluded_lines": [], "start_line": 13, "executed_branches": [], "missing_branches": []}, "FrongelloCompounding.compound_returns": {"executed_lines": [31, 32, 40, 42, 43, 44, 45, 47, 48, 49, 51, 52, 54, 55, 58, 59, 61, 65, 66, 67, 70, 71, 72, 73, 75, 77, 84, 85, 86, 87, 88, 89, 91, 92], "summary": {"covered_lines": 34, "num_statements": 34, "percent_covered": 100.0, "percent_covered_display": "100", "missing_lines": 0, "excluded_lines": 0, "percent_statements_covered": 100.0, "percent_statements_covered_display": "100", "num_branches": 14, "num_partial_branches": 0, "covered_branches": 14, "missing_branches": 0, "percent_branches_covered": 100.0, "percent_branches_covered_display": "100"}, "missing_lines": [], "excluded_lines": [], "start_line": 26, "executed_branches": [[31, 32], [31, 40], [47, 48], [47, 61], [66, 67], [66, 70], [71, 72], [71, 77], [72, 73], [72, 75], [84, 85], [84, 91], [87, 84], [87, 88]], "missing_branches": []}, "CarinoCompounding.compound_returns": {"executed_lines": [101, 102, 110, 111, 112, 115, 116, 117, 118, 119, 121, 122, 125, 126, 127, 128, 130, 132, 140, 141, 142, 143, 144, 145, 146, 148, 150, 151, 152, 153, 154, 156], "summary": {"covered_lines": 32, "num_statements": 32, "percent_covered": 100.0, "percent_covered_display": "100", "missing_lines": 0, "excluded_lines": 0, "percent_statements_covered": 100.0, "percent_statements_covered_display": "100", "num_branches": 16, "num_partial_branches": 0, "covered_branches": 16, "missing_branches": 0, "percent_branches_covered": 100.0, "percent_branches_covered_display": "100"}, "missing_lines": [], "excluded_lines": [], "start_line": 96, "executed_branches": [[101, 102], [101, 110], [117, 118], [117, 121], [125, 126], [125, 127], [127, 128], [127, 130], [140, 141], [140, 156], [143, 144], [143, 145], [145, 146], [145, 148], [152, 140], [152, 153]], "missing_branches": []}, "MencheroCompounding.compound_returns": {"executed_lines": [165, 166, 174, 175, 176, 178, 179, 180, 181, 182, 184, 185, 187, 188, 189, 191, 193, 201, 202, 203, 204, 205, 207], "summary": {"covered_lines": 23, "num_statements": 23, "percent_covered": 100.0, "percent_covered_display": "100", "missing_lines": 0, "excluded_lines": 0, "percent_statements_covered": 100.0, "percent_statements_covered_display": "100", "num_branches": 10, "num_partial_branches": 0, "covered_branches": 10, "missing_branches": 0, "percent_branches_covered": 100.0, "percent_branches_covered_display": "100"}, "missing_lines": [], "excluded_lines": [], "start_line": 160, "executed_branches": [[165, 166], [165, 174], [180, 181], [180, 184], [188, 189], [188, 191], [201, 202], [201, 207], [203, 201], [203, 204]], "missing_branches": []}, "CanonicalManifestSerializer._normalize_val": {"executed_lines": [213, 215, 217, 218, 219, 221, 222, 223, 224, 226, 227, 228, 229, 231, 232, 234, 236, 237, 238, 239, 240, 241, 242, 244], "summary": {"covered_lines": 24, "num_statements": 24, "percent_covered": 97.72727272727273, "percent_covered_display": "98", "missing_lines": 0, "excluded_lines": 0, "percent_statements_covered": 100.0, "percent_statements_covered_display": "100", "num_branches": 20, "num_partial_branches": 1, "covered_branches": 19, "missing_branches": 1, "percent_branches_covered": 95.0, "percent_branches_covered_display": "95"}, "missing_lines": [], "excluded_lines": [], "start_line": 212, "executed_branches": [[213, 215], [213, 219], [219, 221], [219, 222], [222, 223], [222, 224], [224, 226], [224, 232], [227, 228], [227, 231], [228, 227], [228, 229], [232, 234], [232, 244], [237, 238], [238, 239], [238, 241], [239, 238], [239, 240]], "missing_branches": [[237, 241]]}, "CanonicalManifestSerializer.serialize": {"executed_lines": [248, 249], "summary": {"covered_lines": 2, "num_statements": 2, "percent_covered": 100.0, "percent_covered_display": "100", "missing_lines": 0, "excluded_lines": 0, "percent_statements_covered": 100.0, "percent_statements_covered_display": "100", "num_branches": 0, "num_partial_branches": 0, "covered_branches": 0, "missing_branches": 0, "percent_branches_covered": 100.0, "percent_branches_covered_display": "100"}, "missing_lines": [], "excluded_lines": [], "start_line": 247, "executed_branches": [], "missing_branches": []}, "CanonicalManifestSerializer.generate_hash": {"executed_lines": [253, 254, 255], "summary": {"covered_lines": 3, "num_statements": 3, "percent_covered": 100.0, "percent_covered_display": "100", "missing_lines": 0, "excluded_lines": 0, "percent_statements_covered": 100.0, "percent_statements_covered_display": "100", "num_branches": 0, "num_partial_branches": 0, "covered_branches": 0, "missing_branches": 0, "percent_branches_covered": 100.0, "percent_branches_covered_display": "100"}, "missing_lines": [], "excluded_lines": [], "start_line": 252, "executed_branches": [], "missing_branches": []}, "BenchmarkSnapshot.__post_init__": {"executed_lines": [268, 269, 270, 271], "summary": {"covered_lines": 4, "num_statements": 4, "percent_covered": 100.0, "percent_covered_display": "100", "missing_lines": 0, "excluded_lines": 0, "percent_statements_covered": 100.0, "percent_statements_covered_display": "100", "num_branches": 4, "num_partial_branches": 0, "covered_branches": 4, "missing_branches": 0, "percent_branches_covered": 100.0, "percent_branches_covered_display": "100"}, "missing_lines": [], "excluded_lines": [], "start_line": 267, "executed_branches": [[268, 269], [268, 270], [270, -267], [270, 271]], "missing_branches": []}, "BenchmarkSnapshot.get_returns_dict": {"executed_lines": [274], "summary": {"covered_lines": 1, "num_statements": 1, "percent_covered": 100.0, "percent_covered_display": "100", "missing_lines": 0, "excluded_lines": 0, "percent_statements_covered": 100.0, "percent_statements_covered_display": "100", "num_branches": 0, "num_partial_branches": 0, "covered_branches": 0, "missing_branches": 0, "percent_branches_covered": 100.0, "percent_branches_covered_display": "100"}, "missing_lines": [], "excluded_lines": [], "start_line": 273, "executed_branches": [], "missing_branches": []}, "": {"executed_lines": [1, 2, 3, 4, 5, 6, 7, 9, 11, 12, 13, 25, 26, 95, 96, 159, 160, 210, 211, 212, 246, 247, 251, 252, 258, 259, 260, 261, 262, 263, 264, 265, 267, 273], "summary": {"covered_lines": 34, "num_statements": 34, "percent_covered": 100.0, "percent_covered_display": "100", "missing_lines": 0, "excluded_lines": 0, "percent_statements_covered": 100.0, "percent_statements_covered_display": "100", "num_branches": 0, "num_partial_branches": 0, "covered_branches": 0, "missing_branches": 0, "percent_branches_covered": 100.0, "percent_branches_covered_display": "100"}, "missing_lines": [], "excluded_lines": [], "start_line": 1, "executed_branches": [], "missing_branches": []}}, "classes": {"CompoundingStrategy": {"executed_lines": [], "summary": {"covered_lines": 0, "num_statements": 1, "percent_covered": 0.0, "percent_covered_display": "0", "missing_lines": 1, "excluded_lines": 0, "percent_statements_covered": 0.0, "percent_statements_covered_display": "0", "num_branches": 0, "num_partial_branches": 0, "covered_branches": 0, "missing_branches": 0, "percent_branches_covered": 100.0, "percent_branches_covered_display": "100"}, "missing_lines": [22], "excluded_lines": [], "start_line": 11, "executed_branches": [], "missing_branches": []}, "FrongelloCompounding": {"executed_lines": [31, 32, 40, 42, 43, 44, 45, 47, 48, 49, 51, 52, 54, 55, 58, 59, 61, 65, 66, 67, 70, 71, 72, 73, 75, 77, 84, 85, 86, 87, 88, 89, 91, 92], "summary": {"covered_lines": 34, "num_statements": 34, "percent_covered": 100.0, "percent_covered_display": "100", "missing_lines": 0, "excluded_lines": 0, "percent_statements_covered": 100.0, "percent_statements_covered_display": "100", "num_branches": 14, "num_partial_branches": 0, "covered_branches": 14, "missing_branches": 0, "percent_branches_covered": 100.0, "percent_branches_covered_display": "100"}, "missing_lines": [], "excluded_lines": [], "start_line": 25, "executed_branches": [[31, 32], [31, 40], [47, 48], [47, 61], [66, 67], [66, 70], [71, 72], [71, 77], [72, 73], [72, 75], [84, 85], [84, 91], [87, 84], [87, 88]], "missing_branches": []}, "CarinoCompounding": {"executed_lines": [101, 102, 110, 111, 112, 115, 116, 117, 118, 119, 121, 122, 125, 126, 127, 128, 130, 132, 140, 141, 142, 143, 144, 145, 146, 148, 150, 151, 152, 153, 154, 156], "summary": {"covered_lines": 32, "num_statements": 32, "percent_covered": 100.0, "percent_covered_display": "100", "missing_lines": 0, "excluded_lines": 0, "percent_statements_covered": 100.0, "percent_statements_covered_display": "100", "num_branches": 16, "num_partial_branches": 0, "covered_branches": 16, "missing_branches": 0, "percent_branches_covered": 100.0, "percent_branches_covered_display": "100"}, "missing_lines": [], "excluded_lines": [], "start_line": 95, "executed_branches": [[101, 102], [101, 110], [117, 118], [117, 121], [125, 126], [125, 127], [127, 128], [127, 130], [140, 141], [140, 156], [143, 144], [143, 145], [145, 146], [145, 148], [152, 140], [152, 153]], "missing_branches": []}, "MencheroCompounding": {"executed_lines": [165, 166, 174, 175, 176, 178, 179, 180, 181, 182, 184, 185, 187, 188, 189, 191, 193, 201, 202, 203, 204, 205, 207], "summary": {"covered_lines": 23, "num_statements": 23, "percent_covered": 100.0, "percent_covered_display": "100", "missing_lines": 0, "excluded_lines": 0, "percent_statements_covered": 100.0, "percent_statements_covered_display": "100", "num_branches": 10, "num_partial_branches": 0, "covered_branches": 10, "missing_branches": 0, "percent_branches_covered": 100.0, "percent_branches_covered_display": "100"}, "missing_lines": [], "excluded_lines": [], "start_line": 159, "executed_branches": [[165, 166], [165, 174], [180, 181], [180, 184], [188, 189], [188, 191], [201, 202], [201, 207], [203, 201], [203, 204]], "missing_branches": []}, "CanonicalManifestSerializer": {"executed_lines": [213, 215, 217, 218, 219, 221, 222, 223, 224, 226, 227, 228, 229, 231, 232, 234, 236, 237, 238, 239, 240, 241, 242, 244, 248, 249, 253, 254, 255], "summary": {"covered_lines": 29, "num_statements": 29, "percent_covered": 97.95918367346938, "percent_covered_display": "98", "missing_lines": 0, "excluded_lines": 0, "percent_statements_covered": 100.0, "percent_statements_covered_display": "100", "num_branches": 20, "num_partial_branches": 1, "covered_branches": 19, "missing_branches": 1, "percent_branches_covered": 95.0, "percent_branches_covered_display": "95"}, "missing_lines": [], "excluded_lines": [], "start_line": 210, "executed_branches": [[213, 215], [213, 219], [219, 221], [219, 222], [222, 223], [222, 224], [224, 226], [224, 232], [227, 228], [227, 231], [228, 227], [228, 229], [232, 234], [232, 244], [237, 238], [238, 239], [238, 241], [239, 238], [239, 240]], "missing_branches": [[237, 241]]}, "BenchmarkSnapshot": {"executed_lines": [268, 269, 270, 271, 274], "summary": {"covered_lines": 5, "num_statements": 5, "percent_covered": 100.0, "percent_covered_display": "100", "missing_lines": 0, "excluded_lines": 0, "percent_statements_covered": 100.0, "percent_statements_covered_display": "100", "num_branches": 4, "num_partial_branches": 0, "covered_branches": 4, "missing_branches": 0, "percent_branches_covered": 100.0, "percent_branches_covered_display": "100"}, "missing_lines": [], "excluded_lines": [], "start_line": 259, "executed_branches": [[268, 269], [268, 270], [270, -267], [270, 271]], "missing_branches": []}, "": {"executed_lines": [1, 2, 3, 4, 5, 6, 7, 9, 11, 12, 13, 25, 26, 95, 96, 159, 160, 210, 211, 212, 246, 247, 251, 252, 258, 259, 260, 261, 262, 263, 264, 265, 267, 273], "summary": {"covered_lines": 34, "num_statements": 34, "percent_covered": 100.0, "percent_covered_display": "100", "missing_lines": 0, "excluded_lines": 0, "percent_statements_covered": 100.0, "percent_statements_covered_display": "100", "num_branches": 0, "num_partial_branches": 0, "covered_branches": 0, "missing_branches": 0, "percent_branches_covered": 100.0, "percent_branches_covered_display": "100"}, "missing_lines": [], "excluded_lines": [], "start_line": 1, "executed_branches": [], "missing_branches": []}}}, "src/karsa/attribution/events/__init__.py": {"executed_lines": [1], "summary": {"covered_lines": 1, "num_statements": 1, "percent_covered": 100.0, "percent_covered_display": "100", "missing_lines": 0, "excluded_lines": 0, "percent_statements_covered": 100.0, "percent_statements_covered_display": "100", "num_branches": 0, "num_partial_branches": 0, "covered_branches": 0, "missing_branches": 0, "percent_branches_covered": 100.0, "percent_branches_covered_display": "100"}, "missing_lines": [], "excluded_lines": [], "executed_branches": [], "missing_branches": [], "functions": {"": {"executed_lines": [1], "summary": {"covered_lines": 1, "num_statements": 1, "percent_covered": 100.0, "percent_covered_display": "100", "missing_lines": 0, "excluded_lines": 0, "percent_statements_covered": 100.0, "percent_statements_covered_display": "100", "num_branches": 0, "num_partial_branches": 0, "covered_branches": 0, "missing_branches": 0, "percent_branches_covered": 100.0, "percent_branches_covered_display": "100"}, "missing_lines": [], "excluded_lines": [], "start_line": 1, "executed_branches": [], "missing_branches": []}}, "classes": {"": {"executed_lines": [1], "summary": {"covered_lines": 1, "num_statements": 1, "percent_covered": 100.0, "percent_covered_display": "100", "missing_lines": 0, "excluded_lines": 0, "percent_statements_covered": 100.0, "percent_statements_covered_display": "100", "num_branches": 0, "num_partial_branches": 0, "covered_branches": 0, "missing_branches": 0, "percent_branches_covered": 100.0, "percent_branches_covered_display": "100"}, "missing_lines": [], "excluded_lines": [], "start_line": 1, "executed_branches": [], "missing_branches": []}}}, "src/karsa/attribution/events/events.py": {"executed_lines": [1, 2, 3, 4, 6, 7, 8, 9, 10, 11, 12, 13, 14, 15, 17, 18, 30, 31, 32, 33, 34, 35, 36, 37, 38, 39, 40, 42, 43, 56, 57, 58, 59, 60, 61, 62, 63, 64, 66, 67, 78, 79, 80, 81, 82, 83, 84, 85, 86, 88, 89], "summary": {"covered_lines": 51, "num_statements": 51, "percent_covered": 100.0, "percent_covered_display": "100", "missing_lines": 0, "excluded_lines": 0, "percent_statements_covered": 100.0, "percent_statements_covered_display": "100", "num_branches": 0, "num_partial_branches": 0, "covered_branches": 0, "missing_branches": 0, "percent_branches_covered": 100.0, "percent_branches_covered_display": "100"}, "missing_lines": [], "excluded_lines": [], "executed_branches": [], "missing_branches": [], "functions": {"AttributionCalculatedEvent.to_dict": {"executed_lines": [18], "summary": {"covered_lines": 1, "num_statements": 1, "percent_covered": 100.0, "percent_covered_display": "100", "missing_lines": 0, "excluded_lines": 0, "percent_statements_covered": 100.0, "percent_statements_covered_display": "100", "num_branches": 0, "num_partial_branches": 0, "covered_branches": 0, "missing_branches": 0, "percent_branches_covered": 100.0, "percent_branches_covered_display": "100"}, "missing_lines": [], "excluded_lines": [], "start_line": 17, "executed_branches": [], "missing_branches": []}, "AttributionSupersededEvent.to_dict": {"executed_lines": [43], "summary": {"covered_lines": 1, "num_statements": 1, "percent_covered": 100.0, "percent_covered_display": "100", "missing_lines": 0, "excluded_lines": 0, "percent_statements_covered": 100.0, "percent_statements_covered_display": "100", "num_branches": 0, "num_partial_branches": 0, "covered_branches": 0, "missing_branches": 0, "percent_branches_covered": 100.0, "percent_branches_covered_display": "100"}, "missing_lines": [], "excluded_lines": [], "start_line": 42, "executed_branches": [], "missing_branches": []}, "AttributionInvalidatedEvent.to_dict": {"executed_lines": [67], "summary": {"covered_lines": 1, "num_statements": 1, "percent_covered": 100.0, "percent_covered_display": "100", "missing_lines": 0, "excluded_lines": 0, "percent_statements_covered": 100.0, "percent_statements_covered_display": "100", "num_branches": 0, "num_partial_branches": 0, "covered_branches": 0, "missing_branches": 0, "percent_branches_covered": 100.0, "percent_branches_covered_display": "100"}, "missing_lines": [], "excluded_lines": [], "start_line": 66, "executed_branches": [], "missing_branches": []}, "AttributionRecomputedEvent.to_dict": {"executed_lines": [89], "summary": {"covered_lines": 1, "num_statements": 1, "percent_covered": 100.0, "percent_covered_display": "100", "missing_lines": 0, "excluded_lines": 0, "percent_statements_covered": 100.0, "percent_statements_covered_display": "100", "num_branches": 0, "num_partial_branches": 0, "covered_branches": 0, "missing_branches": 0, "percent_branches_covered": 100.0, "percent_branches_covered_display": "100"}, "missing_lines": [], "excluded_lines": [], "start_line": 88, "executed_branches": [], "missing_branches": []}, "": {"executed_lines": [1, 2, 3, 4, 6, 7, 8, 9, 10, 11, 12, 13, 14, 15, 17, 30, 31, 32, 33, 34, 35, 36, 37, 38, 39, 40, 42, 56, 57, 58, 59, 60, 61, 62, 63, 64, 66, 78, 79, 80, 81, 82, 83, 84, 85, 86, 88], "summary": {"covered_lines": 47, "num_statements": 47, "percent_covered": 100.0, "percent_covered_display": "100", "missing_lines": 0, "excluded_lines": 0, "percent_statements_covered": 100.0, "percent_statements_covered_display": "100", "num_branches": 0, "num_partial_branches": 0, "covered_branches": 0, "missing_branches": 0, "percent_branches_covered": 100.0, "percent_branches_covered_display": "100"}, "missing_lines": [], "excluded_lines": [], "start_line": 1, "executed_branches": [], "missing_branches": []}}, "classes": {"AttributionCalculatedEvent": {"executed_lines": [18], "summary": {"covered_lines": 1, "num_statements": 1, "percent_covered": 100.0, "percent_covered_display": "100", "missing_lines": 0, "excluded_lines": 0, "percent_statements_covered": 100.0, "percent_statements_covered_display": "100", "num_branches": 0, "num_partial_branches": 0, "covered_branches": 0, "missing_branches": 0, "percent_branches_covered": 100.0, "percent_branches_covered_display": "100"}, "missing_lines": [], "excluded_lines": [], "start_line": 7, "executed_branches": [], "missing_branches": []}, "AttributionSupersededEvent": {"executed_lines": [43], "summary": {"covered_lines": 1, "num_statements": 1, "percent_covered": 100.0, "percent_covered_display": "100", "missing_lines": 0, "excluded_lines": 0, "percent_statements_covered": 100.0, "percent_statements_covered_display": "100", "num_branches": 0, "num_partial_branches": 0, "covered_branches": 0, "missing_branches": 0, "percent_branches_covered": 100.0, "percent_branches_covered_display": "100"}, "missing_lines": [], "excluded_lines": [], "start_line": 31, "executed_branches": [], "missing_branches": []}, "AttributionInvalidatedEvent": {"executed_lines": [67], "summary": {"covered_lines": 1, "num_statements": 1, "percent_covered": 100.0, "percent_covered_display": "100", "missing_lines": 0, "excluded_lines": 0, "percent_statements_covered": 100.0, "percent_statements_covered_display": "100", "num_branches": 0, "num_partial_branches": 0, "covered_branches": 0, "missing_branches": 0, "percent_branches_covered": 100.0, "percent_branches_covered_display": "100"}, "missing_lines": [], "excluded_lines": [], "start_line": 57, "executed_branches": [], "missing_branches": []}, "AttributionRecomputedEvent": {"executed_lines": [89], "summary": {"covered_lines": 1, "num_statements": 1, "percent_covered": 100.0, "percent_covered_display": "100", "missing_lines": 0, "excluded_lines": 0, "percent_statements_covered": 100.0, "percent_statements_covered_display": "100", "num_branches": 0, "num_partial_branches": 0, "covered_branches": 0, "missing_branches": 0, "percent_branches_covered": 100.0, "percent_branches_covered_display": "100"}, "missing_lines": [], "excluded_lines": [], "start_line": 79, "executed_branches": [], "missing_branches": []}, "": {"executed_lines": [1, 2, 3, 4, 6, 7, 8, 9, 10, 11, 12, 13, 14, 15, 17, 30, 31, 32, 33, 34, 35, 36, 37, 38, 39, 40, 42, 56, 57, 58, 59, 60, 61, 62, 63, 64, 66, 78, 79, 80, 81, 82, 83, 84, 85, 86, 88], "summary": {"covered_lines": 47, "num_statements": 47, "percent_covered": 100.0, "percent_covered_display": "100", "missing_lines": 0, "excluded_lines": 0, "percent_statements_covered": 100.0, "percent_statements_covered_display": "100", "num_branches": 0, "num_partial_branches": 0, "covered_branches": 0, "missing_branches": 0, "percent_branches_covered": 100.0, "percent_branches_covered_display": "100"}, "missing_lines": [], "excluded_lines": [], "start_line": 1, "executed_branches": [], "missing_branches": []}}}, "src/karsa/attribution/infrastructure/__init__.py": {"executed_lines": [1], "summary": {"covered_lines": 1, "num_statements": 1, "percent_covered": 100.0, "percent_covered_display": "100", "missing_lines": 0, "excluded_lines": 0, "percent_statements_covered": 100.0, "percent_statements_covered_display": "100", "num_branches": 0, "num_partial_branches": 0, "covered_branches": 0, "missing_branches": 0, "percent_branches_covered": 100.0, "percent_branches_covered_display": "100"}, "missing_lines": [], "excluded_lines": [], "executed_branches": [], "missing_branches": [], "functions": {"": {"executed_lines": [1], "summary": {"covered_lines": 1, "num_statements": 1, "percent_covered": 100.0, "percent_covered_display": "100", "missing_lines": 0, "excluded_lines": 0, "percent_statements_covered": 100.0, "percent_statements_covered_display": "100", "num_branches": 0, "num_partial_branches": 0, "covered_branches": 0, "missing_branches": 0, "percent_branches_covered": 100.0, "percent_branches_covered_display": "100"}, "missing_lines": [], "excluded_lines": [], "start_line": 1, "executed_branches": [], "missing_branches": []}}, "classes": {"": {"executed_lines": [1], "summary": {"covered_lines": 1, "num_statements": 1, "percent_covered": 100.0, "percent_covered_display": "100", "missing_lines": 0, "excluded_lines": 0, "percent_statements_covered": 100.0, "percent_statements_covered_display": "100", "num_branches": 0, "num_partial_branches": 0, "covered_branches": 0, "missing_branches": 0, "percent_branches_covered": 100.0, "percent_branches_covered_display": "100"}, "missing_lines": [], "excluded_lines": [], "start_line": 1, "executed_branches": [], "missing_branches": []}}}, "src/karsa/attribution/infrastructure/repositories.py": {"executed_lines": [1, 2, 3, 4, 5, 6, 7, 8, 14, 16, 17, 18, 20, 21, 22, 23, 25, 26, 29, 31, 32, 33, 34, 35, 37, 38, 40, 41, 44, 45, 46, 48, 49, 50, 51, 53, 54, 56, 58, 59, 60, 61, 62, 64, 65, 66, 67, 68, 69, 71, 72, 73, 74, 75, 76, 78, 79, 81, 82, 83, 84, 85, 87, 88, 89, 90, 91, 93, 94, 101, 102, 103, 104, 106, 107, 109, 110, 111, 112, 113, 114, 116, 117, 120, 121, 123, 124, 125, 126, 127, 128, 129, 131, 132, 133, 134, 135, 136, 137, 138, 139, 142, 144, 145, 146, 147, 148, 153, 154, 155, 156, 158, 159, 161, 162, 163, 164, 165, 166, 168, 169, 170, 171, 172, 173, 174, 176, 177, 178, 179, 180, 181, 182, 183, 184, 185, 189, 191, 192, 193, 194, 195, 196, 197, 198, 199, 200, 201, 204, 206, 207, 208, 209, 210, 211, 212, 213, 214, 217, 219, 220, 221, 222, 223, 224, 225, 226, 227, 228, 229, 231, 232, 236, 237, 238, 239, 240, 241, 242, 243, 244, 245, 246, 247, 248, 252, 253, 254, 255, 256, 265, 266, 267, 269, 270, 271, 274, 275, 277, 279, 298, 299, 300, 304, 319, 322, 323, 324, 332, 333, 335, 345, 346, 347, 354, 355, 356, 367, 369, 370, 371, 374, 375, 376, 378, 379, 381, 385, 388, 420, 421, 422, 433, 434, 436, 458, 459, 460, 471, 472, 496, 498, 499, 500, 511, 512, 513, 536, 538, 539, 540, 549, 550, 551, 574, 576, 577, 578, 587, 588, 589, 598, 599, 600], "summary": {"covered_lines": 264, "num_statements": 286, "percent_covered": 89.26701570680628, "percent_covered_display": "89", "missing_lines": 22, "excluded_lines": 0, "percent_statements_covered": 92.3076923076923, "percent_statements_covered_display": "92", "num_branches": 96, "num_partial_branches": 19, "covered_branches": 77, "missing_branches": 19, "percent_branches_covered": 80.20833333333333, "percent_branches_covered_display": "80"}, "missing_lines": [140, 141, 149, 150, 186, 187, 188, 202, 203, 215, 216, 233, 234, 249, 250, 257, 258, 320, 334, 386, 435, 473], "excluded_lines": [], "executed_branches": [[22, 23], [22, 29], [25, 26], [25, 29], [33, 34], [33, 35], [53, 54], [53, 56], [60, 61], [60, 62], [66, 67], [66, 69], [67, 68], [73, 74], [73, 76], [74, 75], [82, -81], [82, 83], [83, 82], [83, 84], [88, -87], [88, 89], [89, 90], [111, 112], [111, 120], [116, 117], [116, 120], [125, 126], [125, 127], [133, 134], [133, 142], [134, 135], [145, -144], [145, 146], [146, 147], [163, 164], [163, 165], [170, 171], [170, 172], [178, 179], [178, 189], [179, 180], [185, 178], [193, 194], [193, 204], [194, 195], [200, 201], [208, 209], [208, 217], [209, 210], [220, -219], [220, 221], [221, 222], [227, 228], [237, -236], [237, 238], [238, 239], [244, 237], [244, 245], [253, -252], [253, 254], [254, 255], [277, 279], [277, 298], [299, 300], [299, 304], [319, -269], [333, 335], [355, 356], [355, 367], [385, 388], [434, 436], [472, 496], [512, 513], [512, 536], [550, 551], [550, 574]], "missing_branches": [[67, 66], [74, 73], [89, 88], [134, 133], [146, 145], [179, 178], [185, 186], [194, 193], [200, 193], [209, 208], [221, 220], [227, 220], [238, 237], [254, 253], [319, 320], [333, 334], [385, 386], [434, 435], [472, 473]], "functions": {"InMemoryAttributionSessionRepository.__init__": {"executed_lines": [18], "summary": {"covered_lines": 1, "num_statements": 1, "percent_covered": 100.0, "percent_covered_display": "100", "missing_lines": 0, "excluded_lines": 0, "percent_statements_covered": 100.0, "percent_statements_covered_display": "100", "num_branches": 0, "num_partial_branches": 0, "covered_branches": 0, "missing_branches": 0, "percent_branches_covered": 100.0, "percent_branches_covered_display": "100"}, "missing_lines": [], "excluded_lines": [], "start_line": 17, "executed_branches": [], "missing_branches": []}, "InMemoryAttributionSessionRepository.save": {"executed_lines": [21, 22, 23, 25, 26, 29], "summary": {"covered_lines": 6, "num_statements": 6, "percent_covered": 100.0, "percent_covered_display": "100", "missing_lines": 0, "excluded_lines": 0, "percent_statements_covered": 100.0, "percent_statements_covered_display": "100", "num_branches": 4, "num_partial_branches": 0, "covered_branches": 4, "missing_branches": 0, "percent_branches_covered": 100.0, "percent_branches_covered_display": "100"}, "missing_lines": [], "excluded_lines": [], "start_line": 20, "executed_branches": [[22, 23], [22, 29], [25, 26], [25, 29]], "missing_branches": []}, "InMemoryAttributionSessionRepository.get_by_id": {"executed_lines": [32, 33, 34, 35], "summary": {"covered_lines": 4, "num_statements": 4, "percent_covered": 100.0, "percent_covered_display": "100", "missing_lines": 0, "excluded_lines": 0, "percent_statements_covered": 100.0, "percent_statements_covered_display": "100", "num_branches": 2, "num_partial_branches": 0, "covered_branches": 2, "missing_branches": 0, "percent_branches_covered": 100.0, "percent_branches_covered_display": "100"}, "missing_lines": [], "excluded_lines": [], "start_line": 31, "executed_branches": [[33, 34], [33, 35]], "missing_branches": []}, "InMemoryAttributionSessionRepository.list_all": {"executed_lines": [38], "summary": {"covered_lines": 1, "num_statements": 1, "percent_covered": 100.0, "percent_covered_display": "100", "missing_lines": 0, "excluded_lines": 0, "percent_statements_covered": 100.0, "percent_statements_covered_display": "100", "num_branches": 0, "num_partial_branches": 0, "covered_branches": 0, "missing_branches": 0, "percent_branches_covered": 100.0, "percent_branches_covered_display": "100"}, "missing_lines": [], "excluded_lines": [], "start_line": 37, "executed_branches": [], "missing_branches": []}, "InMemoryAttributionSessionRepository.clear": {"executed_lines": [41], "summary": {"covered_lines": 1, "num_statements": 1, "percent_covered": 100.0, "percent_covered_display": "100", "missing_lines": 0, "excluded_lines": 0, "percent_statements_covered": 100.0, "percent_statements_covered_display": "100", "num_branches": 0, "num_partial_branches": 0, "covered_branches": 0, "missing_branches": 0, "percent_branches_covered": 100.0, "percent_branches_covered_display": "100"}, "missing_lines": [], "excluded_lines": [], "start_line": 40, "executed_branches": [], "missing_branches": []}, "InMemoryPerformanceAttr
[...]
 [334], "excluded_lines": [], "start_line": 322, "executed_branches": [[333, 335]], "missing_branches": [[333, 334]]}, "PostgresAttributionSessionRepository.list_all": {"executed_lines": [346, 347, 354, 355, 356, 367], "summary": {"covered_lines": 6, "num_statements": 6, "percent_covered": 100.0, "percent_covered_display": "100", "missing_lines": 0, "excluded_lines": 0, "percent_statements_covered": 100.0, "percent_statements_covered_display": "100", "num_branches": 2, "num_partial_branches": 0, "covered_branches": 2, "missing_branches": 0, "percent_branches_covered": 100.0, "percent_branches_covered_display": "100"}, "missing_lines": [], "excluded_lines": [], "start_line": 345, "executed_branches": [[355, 356], [355, 367]], "missing_branches": []}, "PostgresAttributionSessionRepository.clear": {"executed_lines": [370, 371], "summary": {"covered_lines": 2, "num_statements": 2, "percent_covered": 100.0, "percent_covered_display": "100", "missing_lines": 0, "excluded_lines": 0, "percent_statements_covered": 100.0, "percent_statements_covered_display": "100", "num_branches": 0, "num_partial_branches": 0, "covered_branches": 0, "missing_branches": 0, "percent_branches_covered": 100.0, "percent_branches_covered_display": "100"}, "missing_lines": [], "excluded_lines": [], "start_line": 369, "executed_branches": [], "missing_branches": []}, "PostgresPerformanceAttributionRepository.__init__": {"executed_lines": [376], "summary": {"covered_lines": 1, "num_statements": 1, "percent_covered": 100.0, "percent_covered_display": "100", "missing_lines": 0, "excluded_lines": 0, "percent_statements_covered": 100.0, "percent_statements_covered_display": "100", "num_branches": 0, "num_partial_branches": 0, "covered_branches": 0, "missing_branches": 0, "percent_branches_covered": 100.0, "percent_branches_covered_display": "100"}, "missing_lines": [], "excluded_lines": [], "start_line": 375, "executed_branches": [], "missing_branches": []}, "PostgresPerformanceAttributionRepository.save": {"executed_lines": [379, 381, 385, 388], "summary": {"covered_lines": 4, "num_statements": 5, "percent_covered": 71.42857142857143, "percent_covered_display": "71", "missing_lines": 1, "excluded_lines": 0, "percent_statements_covered": 80.0, "percent_statements_covered_display": "80", "num_branches": 2, "num_partial_branches": 1, "covered_branches": 1, "missing_branches": 1, "percent_branches_covered": 50.0, "percent_branches_covered_display": "50"}, "missing_lines": [386], "excluded_lines": [], "start_line": 378, "executed_branches": [[385, 388]], "missing_branches": [[385, 386]]}, "PostgresPerformanceAttributionRepository.find_by_id": {"executed_lines": [421, 422, 433, 434, 436], "summary": {"covered_lines": 5, "num_statements": 6, "percent_covered": 75.0, "percent_covered_display": "75", "missing_lines": 1, "excluded_lines": 0, "percent_statements_covered": 83.33333333333333, "percent_statements_covered_display": "83", "num_branches": 2, "num_partial_branches": 1, "covered_branches": 1, "missing_branches": 1, "percent_branches_covered": 50.0, "percent_branches_covered_display": "50"}, "missing_lines": [435], "excluded_lines": [], "start_line": 420, "executed_branches": [[434, 436]], "missing_branches": [[434, 435]]}, "PostgresPerformanceAttributionRepository.find_active_by_decision": {"executed_lines": [459, 460, 471, 472, 496], "summary": {"covered_lines": 5, "num_statements": 6, "percent_covered": 75.0, "percent_covered_display": "75", "missing_lines": 1, "excluded_lines": 0, "percent_statements_covered": 83.33333333333333, "percent_statements_covered_display": "83", "num_branches": 2, "num_partial_branches": 1, "covered_branches": 1, "missing_branches": 1, "percent_branches_covered": 50.0, "percent_branches_covered_display": "50"}, "missing_lines": [473], "excluded_lines": [], "start_line": 458, "executed_branches": [[472, 496]], "missing_branches": [[472, 473]]}, "PostgresPerformanceAttributionRepository.find_by_session": {"executed_lines": [499, 500, 511, 512, 513, 536], "summary": {"covered_lines": 6, "num_statements": 6, "percent_covered": 100.0, "percent_covered_display": "100", "missing_lines": 0, "excluded_lines": 0, "percent_statements_covered": 100.0, "percent_statements_covered_display": "100", "num_branches": 2, "num_partial_branches": 0, "covered_branches": 2, "missing_branches": 0, "percent_branches_covered": 100.0, "percent_branches_covered_display": "100"}, "missing_lines": [], "excluded_lines": [], "start_line": 498, "executed_branches": [[512, 513], [512, 536]], "missing_branches": []}, "PostgresPerformanceAttributionRepository.list_all": {"executed_lines": [539, 540, 549, 550, 551, 574], "summary": {"covered_lines": 6, "num_statements": 6, "percent_covered": 100.0, "percent_covered_display": "100", "missing_lines": 0, "excluded_lines": 0, "percent_statements_covered": 100.0, "percent_statements_covered_display": "100", "num_branches": 2, "num_partial_branches": 0, "covered_branches": 2, "missing_branches": 0, "percent_branches_covered": 100.0, "percent_branches_covered_display": "100"}, "missing_lines": [], "excluded_lines": [], "start_line": 538, "executed_branches": [[550, 551], [550, 574]], "missing_branches": []}, "PostgresPerformanceAttributionRepository.deactivate_old_versions": {"executed_lines": [577, 578], "summary": {"covered_lines": 2, "num_statements": 2, "percent_covered": 100.0, "percent_covered_display": "100", "missing_lines": 0, "excluded_lines": 0, "percent_statements_covered": 100.0, "percent_statements_covered_display": "100", "num_branches": 0, "num_partial_branches": 0, "covered_branches": 0, "missing_branches": 0, "percent_branches_covered": 100.0, "percent_branches_covered_display": "100"}, "missing_lines": [], "excluded_lines": [], "start_line": 576, "executed_branches": [], "missing_branches": []}, "PostgresPerformanceAttributionRepository.deactivate_by_session": {"executed_lines": [588, 589], "summary": {"covered_lines": 2, "num_statements": 2, "percent_covered": 100.0, "percent_covered_display": "100", "missing_lines": 0, "excluded_lines": 0, "percent_statements_covered": 100.0, "percent_statements_covered_display": "100", "num_branches": 0, "num_partial_branches": 0, "covered_branches": 0, "missing_branches": 0, "percent_branches_covered": 100.0, "percent_branches_covered_display": "100"}, "missing_lines": [], "excluded_lines": [], "start_line": 587, "executed_branches": [], "missing_branches": []}, "PostgresPerformanceAttributionRepository.clear": {"executed_lines": [599, 600], "summary": {"covered_lines": 2, "num_statements": 2, "percent_covered": 100.0, "percent_covered_display": "100", "missing_lines": 0, "excluded_lines": 0, "percent_statements_covered": 100.0, "percent_statements_covered_display": "100", "num_branches": 0, "num_partial_branches": 0, "covered_branches": 0, "missing_branches": 0, "percent_branches_covered": 100.0, "percent_branches_covered_display": "100"}, "missing_lines": [], "excluded_lines": [], "start_line": 598, "executed_branches": [], "missing_branches": []}, "": {"executed_lines": [1, 2, 3, 4, 5, 6, 7, 8, 14, 16, 17, 20, 31, 37, 40, 44, 45, 48, 58, 64, 71, 78, 81, 87, 93, 101, 102, 106, 109, 123, 131, 144, 153, 154, 158, 161, 168, 176, 191, 206, 219, 236, 252, 265, 266, 269, 322, 345, 369, 374, 375, 378, 420, 458, 498, 538, 576, 587, 598], "summary": {"covered_lines": 59, "num_statements": 59, "percent_covered": 100.0, "percent_covered_display": "100", "missing_lines": 0, "excluded_lines": 0, "percent_statements_covered": 100.0, "percent_statements_covered_display": "100", "num_branches": 0, "num_partial_branches": 0, "covered_branches": 0, "missing_branches": 0, "percent_branches_covered": 100.0, "percent_branches_covered_display": "100"}, "missing_lines": [], "excluded_lines": [], "start_line": 1, "executed_branches": [], "missing_branches": []}}, "classes": {"InMemoryAttributionSessionRepository": {"executed_lines": [18, 21, 22, 23, 25, 26, 29, 32, 33, 34, 35, 38, 41], "summary": {"covered_lines": 13, "num_statements": 13, "percent_covered": 100.0, "percent_covered_display": "100", "missing_lines": 0, "excluded_lines": 0, "percent_statements_covered": 100.0, "percent_statements_covered_display": "100", "num_branches": 6, "num_partial_branches": 0, "covered_branches": 6, "missing_branches": 0, "percent_branches_covered": 100.0, "percent_branches_covered_display": "100"}, "missing_lines": [], "excluded_lines": [], "start_line": 16, "executed_branches": [[22, 23], [22, 29], [25, 26], [25, 29], [33, 34], [33, 35]], "missing_branches": []}, "InMemoryPerformanceAttributionRepository": {"executed_lines": [46, 49, 50, 51, 53, 54, 56, 59, 60, 61, 62, 65, 66, 67, 68, 69, 72, 73, 74, 75, 76, 79, 82, 83, 84, 85, 88, 89, 90, 91, 94], "summary": {"covered_lines": 31, "num_statements": 31, "percent_covered": 94.11764705882354, "percent_covered_display": "94", "missing_lines": 0, "excluded_lines": 0, "percent_statements_covered": 100.0, "percent_statements_covered_display": "100", "num_branches": 20, "num_partial_branches": 3, "covered_branches": 17, "missing_branches": 3, "percent_branches_covered": 85.0, "percent_branches_covered_display": "85"}, "missing_lines": [], "excluded_lines": [], "start_line": 44, "executed_branches": [[53, 54], [53, 56], [60, 61], [60, 62], [66, 67], [66, 69], [67, 68], [73, 74], [73, 76], [74, 75], [82, -81], [82, 83], [83, 82], [83, 84], [88, -87], [88, 89], [89, 90]], "missing_branches": [[67, 66], [74, 73], [89, 88]]}, "FileAttributionSessionRepository": {"executed_lines": [103, 104, 107, 110, 111, 112, 113, 114, 116, 117, 120, 121, 124, 125, 126, 127, 128, 129, 132, 133, 134, 135, 136, 137, 138, 139, 142, 145, 146, 147, 148], "summary": {"covered_lines": 31, "num_statements": 35, "percent_covered": 87.75510204081633, "percent_covered_display": "88", "missing_lines": 4, "excluded_lines": 0, "percent_statements_covered": 88.57142857142857, "percent_statements_covered_display": "89", "num_branches": 14, "num_partial_branches": 2, "covered_branches": 12, "missing_branches": 2, "percent_branches_covered": 85.71428571428571, "percent_branches_covered_display": "86"}, "missing_lines": [140, 141, 149, 150], "excluded_lines": [], "start_line": 101, "executed_branches": [[111, 112], [111, 120], [116, 117], [116, 120], [125, 126], [125, 127], [133, 134], [133, 142], [134, 135], [145, -144], [145, 146], [146, 147]], "missing_branches": [[134, 133], [146, 145]]}, "FilePerformanceAttributionRepository": {"executed_lines": [155, 156, 159, 162, 163, 164, 165, 166, 169, 170, 171, 172, 173, 174, 177, 178, 179, 180, 181, 182, 183, 184, 185, 189, 192, 193, 194, 195, 196, 197, 198, 199, 200, 201, 204, 207, 208, 209, 210, 211, 212, 213, 214, 217, 220, 221, 222, 223, 224, 225, 226, 227, 228, 229, 231, 232, 237, 238, 239, 240, 241, 242, 243, 244, 245, 246, 247, 248, 253, 254, 255, 256], "summary": {"covered_lines": 72, "num_statements": 85, "percent_covered": 81.81818181818181, "percent_covered_display": "82", "missing_lines": 13, "excluded_lines": 0, "percent_statements_covered": 84.70588235294117, "percent_statements_covered_display": "85", "num_branches": 36, "num_partial_branches": 9, "covered_branches": 27, "missing_branches": 9, "percent_branches_covered": 75.0, "percent_branches_covered_display": "75"}, "missing_lines": [186, 187, 188, 202, 203, 215, 216, 233, 234, 249, 250, 257, 258], "excluded_lines": [], "start_line": 153, "executed_branches": [[163, 164], [163, 165], [170, 171], [170, 172], [178, 179], [178, 189], [179, 180], [185, 178], [193, 194], [193, 204], [194, 195], [200, 201], [208, 209], [208, 217], [209, 210], [220, -219], [220, 221], [221, 222], [227, 228], [237, -236], [237, 238], [238, 239], [244, 237], [244, 245], [253, -252], [253, 254], [254, 255]], "missing_branches": [[179, 178], [185, 186], [194, 193], [200, 193], [209, 208], [221, 220], [227, 220], [238, 237], [254, 253]]}, "PostgresAttributionSessionRepository": {"executed_lines": [267, 270, 271, 274, 275, 277, 279, 298, 299, 300, 304, 319, 323, 324, 332, 333, 335, 346, 347, 354, 355, 356, 367, 370, 371], "summary": {"covered_lines": 25, "num_statements": 27, "percent_covered": 89.1891891891892, "percent_covered_display": "89", "missing_lines": 2, "excluded_lines": 0, "percent_statements_covered": 92.5925925925926, "percent_statements_covered_display": "93", "num_branches": 10, "num_partial_branches": 2, "covered_branches": 8, "missing_branches": 2, "percent_branches_covered": 80.0, "percent_branches_covered_display": "80"}, "missing_lines": [320, 334], "excluded_lines": [], "start_line": 265, "executed_branches": [[277, 279], [277, 298], [299, 300], [299, 304], [319, -269], [333, 335], [355, 356], [355, 367]], "missing_branches": [[319, 320], [333, 334]]}, "PostgresPerformanceAttributionRepository": {"executed_lines": [376, 379, 381, 385, 388, 421, 422, 433, 434, 436, 459, 460, 471, 472, 496, 499, 500, 511, 512, 513, 536, 539, 540, 549, 550, 551, 574, 577, 578, 588, 589, 599, 600], "summary": {"covered_lines": 33, "num_statements": 36, "percent_covered": 86.95652173913044, "percent_covered_display": "87", "missing_lines": 3, "excluded_lines": 0, "percent_statements_covered": 91.66666666666667, "percent_statements_covered_display": "92", "num_branches": 10, "num_partial_branches": 3, "covered_branches": 7, "missing_branches": 3, "percent_branches_covered": 70.0, "percent_branches_covered_display": "70"}, "missing_lines": [386, 435, 473], "excluded_lines": [], "start_line": 374, "executed_branches": [[385, 388], [434, 436], [472, 496], [512, 513], [512, 536], [550, 551], [550, 574]], "missing_branches": [[385, 386], [434, 435], [472, 473]]}, "": {"executed_lines": [1, 2, 3, 4, 5, 6, 7, 8, 14, 16, 17, 20, 31, 37, 40, 44, 45, 48, 58, 64, 71, 78, 81, 87, 93, 101, 102, 106, 109, 123, 131, 144, 153, 154, 158, 161, 168, 176, 191, 206, 219, 236, 252, 265, 266, 269, 322, 345, 369, 374, 375, 378, 420, 458, 498, 538, 576, 587, 598], "summary": {"covered_lines": 59, "num_statements": 59, "percent_covered": 100.0, "percent_covered_display": "100", "missing_lines": 0, "excluded_lines": 0, "percent_statements_covered": 100.0, "percent_statements_covered_display": "100", "num_branches": 0, "num_partial_branches": 0, "covered_branches": 0, "missing_branches": 0, "percent_branches_covered": 100.0, "percent_branches_covered_display": "100"}, "missing_lines": [], "excluded_lines": [], "start_line": 1, "executed_branches": [], "missing_branches": []}}}, "src/karsa/attribution/infrastructure/storage/__init__.py": {"executed_lines": [], "summary": {"covered_lines": 0, "num_statements": 0, "percent_covered": 100.0, "percent_covered_display": "100", "missing_lines": 0, "excluded_lines": 0, "percent_statements_covered": 100.0, "percent_statements_covered_display": "100", "num_branches": 0, "num_partial_branches": 0, "covered_branches": 0, "missing_branches": 0, "percent_branches_covered": 100.0, "percent_branches_covered_display": "100"}, "missing_lines": [], "excluded_lines": [], "executed_branches": [], "missing_branches": [], "functions": {"": {"executed_lines": [], "summary": {"covered_lines": 0, "num_statements": 0, "percent_covered": 100.0, "percent_covered_display": "100", "missing_lines": 0, "excluded_lines": 0, "percent_statements_covered": 100.0, "percent_statements_covered_display": "100", "num_branches": 0, "num_partial_branches": 0, "covered_branches": 0, "missing_branches": 0, "percent_branches_covered": 100.0, "percent_branches_covered_display": "100"}, "missing_lines": [], "excluded_lines": [], "start_line": 1, "executed_branches": [], "missing_branches": []}}, "classes": {"": {"executed_lines": [], "summary": {"covered_lines": 0, "num_statements": 0, "percent_covered": 100.0, "percent_covered_display": "100", "missing_lines": 0, "excluded_lines": 0, "percent_statements_covered": 100.0, "percent_statements_covered_display": "100", "num_branches": 0, "num_partial_branches": 0, "covered_branches": 0, "missing_branches": 0, "percent_branches_covered": 100.0, "percent_branches_covered_display": "100"}, "missing_lines": [], "excluded_lines": [], "start_line": 1, "executed_branches": [], "missing_branches": []}}}, "src/karsa/attribution/infrastructure/storage/lineage_repository.py": {"executed_lines": [], "summary": {"covered_lines": 0, "num_statements": 0, "percent_covered": 100.0, "percent_covered_display": "100", "missing_lines": 0, "excluded_lines": 0, "percent_statements_covered": 100.0, "percent_statements_covered_display": "100", "num_branches": 0, "num_partial_branches": 0, "covered_branches": 0, "missing_branches": 0, "percent_branches_covered": 100.0, "percent_branches_covered_display": "100"}, "missing_lines": [], "excluded_lines": [], "executed_branches": [], "missing_branches": [], "functions": {"": {"executed_lines": [], "summary": {"covered_lines": 0, "num_statements": 0, "percent_covered": 100.0, "percent_covered_display": "100", "missing_lines": 0, "excluded_lines": 0, "percent_statements_covered": 100.0, "percent_statements_covered_display": "100", "num_branches": 0, "num_partial_branches": 0, "covered_branches": 0, "missing_branches": 0, "percent_branches_covered": 100.0, "percent_branches_covered_display": "100"}, "missing_lines": [], "excluded_lines": [], "start_line": 1, "executed_branches": [], "missing_branches": []}}, "classes": {"": {"executed_lines": [], "summary": {"covered_lines": 0, "num_statements": 0, "percent_covered": 100.0, "percent_covered_display": "100", "missing_lines": 0, "excluded_lines": 0, "percent_statements_covered": 100.0, "percent_statements_covered_display": "100", "num_branches": 0, "num_partial_branches": 0, "covered_branches": 0, "missing_branches": 0, "percent_branches_covered": 100.0, "percent_branches_covered_display": "100"}, "missing_lines": [], "excluded_lines": [], "start_line": 1, "executed_branches": [], "missing_branches": []}}}, "src/karsa/attribution/infrastructure/storage/projection_store.py": {"executed_lines": [], "summary": {"covered_lines": 0, "num_statements": 0, "percent_covered": 100.0, "percent_covered_display": "100", "missing_lines": 0, "excluded_lines": 0, "percent_statements_covered": 100.0, "percent_statements_covered_display": "100", "num_branches": 0, "num_partial_branches": 0, "covered_branches": 0, "missing_branches": 0, "percent_branches_covered": 100.0, "percent_branches_covered_display": "100"}, "missing_lines": [], "excluded_lines": [], "executed_branches": [], "missing_branches": [], "functions": {"": {"executed_lines": [], "summary": {"covered_lines": 0, "num_statements": 0, "percent_covered": 100.0, "percent_covered_display": "100", "missing_lines": 0, "excluded_lines": 0, "percent_statements_covered": 100.0, "percent_statements_covered_display": "100", "num_branches": 0, "num_partial_branches": 0, "covered_branches": 0, "missing_branches": 0, "percent_branches_covered": 100.0, "percent_branches_covered_display": "100"}, "missing_lines": [], "excluded_lines": [], "start_line": 1, "executed_branches": [], "missing_branches": []}}, "classes": {"": {"executed_lines": [], "summary": {"covered_lines": 0, "num_statements": 0, "percent_covered": 100.0, "percent_covered_display": "100", "missing_lines": 0, "excluded_lines": 0, "percent_statements_covered": 100.0, "percent_statements_covered_display": "100", "num_branches": 0, "num_partial_branches": 0, "covered_branches": 0, "missing_branches": 0, "percent_branches_covered": 100.0, "percent_branches_covered_display": "100"}, "missing_lines": [], "excluded_lines": [], "start_line": 1, "executed_branches": [], "missing_branches": []}}}}, "totals": {"covered_lines": 845, "num_statements": 869, "percent_covered": 95.99651871192341, "percent_covered_display": "96", "missing_lines": 24, "excluded_lines": 0, "percent_statements_covered": 97.23820483314154, "percent_statements_covered_display": "97", "num_branches": 280, "num_partial_branches": 22, "covered_branches": 258, "missing_branches": 22, "percent_branches_covered": 92.14285714285714, "percent_branches_covered_display": "92"}}